Using pre-set license
Built from '2020.3/staging' branch; Version is '2020.3.6f1 (338bb68529b2) revision 3378102'; Using compiler version '192528614'; Build Type 'Release'
OS: 'Windows 10 Home; OS build 22000.1098; Version 2009; 64bit' Language: 'ja' Physical Memory: 7877 MB
BatchMode: 1, IsHumanControllingUs: 0, StartBugReporterOnCrash: 0, Is64bit: 1, IsPro: 0

 COMMAND LINE ARGUMENTS:
C:\Program Files\2020.3.6f1\Editor\Unity.exe
-adb2
-batchMode
-noUpm
-name
AssetImportWorker0
-projectPath
C:/Users/shing/Documents/Taberoku_
-logFile
Logs/AssetImportWorker0.log
-srvPort
64835
Successfully changed project path to: C:/Users/shing/Documents/Taberoku_
C:/Users/shing/Documents/Taberoku_
Using Asset Import Pipeline V2.
Refreshing native plugins compatible for Editor in 24.08 ms, found 0 plugins.
Preloading 0 native plugins for Editor in 0.00 ms.
Initialize engine version: 2020.3.6f1 (338bb68529b2)
[Subsystems] Discovering subsystems at path C:/Program Files/2020.3.6f1/Editor/Data/Resources/UnitySubsystems
[Subsystems] Discovering subsystems at path C:/Users/shing/Documents/Taberoku_/Assets
GfxDevice: creating device client; threaded=0
Direct3D:
    Version:  Direct3D 11.0 [level 11.1]
    Renderer: Intel(R) UHD Graphics (ID=0x8a56)
    Vendor:   
    VRAM:     3938 MB
    Driver:   27.20.100.9126
Initialize mono
Mono path[0] = 'C:/Program Files/2020.3.6f1/Editor/Data/Managed'
Mono path[1] = 'C:/Program Files/2020.3.6f1/Editor/Data/MonoBleedingEdge/lib/mono/unityjit'
Mono config path = 'C:/Program Files/2020.3.6f1/Editor/Data/MonoBleedingEdge/etc'
Using monoOptions --debugger-agent=transport=dt_socket,embedding=1,server=y,suspend=n,address=127.0.0.1:56364
Begin MonoManager ReloadAssembly
Registering precompiled unity dll's ...
Register platform support module: C:/Program Files/2020.3.6f1/Editor/Data/PlaybackEngines/WindowsStandaloneSupport/UnityEditor.WindowsStandalone.Extensions.dll
Registered in 0.003123 seconds.
Native extension for WindowsStandalone target not found
Refreshing native plugins compatible for Editor in 28.49 ms, found 0 plugins.
Preloading 0 native plugins for Editor in 0.00 ms.
Mono: successfully reloaded assembly
- Completed reload, in  2.396 seconds
Platform modules already initialized, skipping
Registering precompiled user dll's ...
Registered in 0.001120 seconds.
Begin MonoManager ReloadAssembly
Native extension for WindowsStandalone target not found
Refreshing native plugins compatible for Editor in 0.42 ms, found 0 plugins.
Preloading 0 native plugins for Editor in 0.00 ms.
Mono: successfully reloaded assembly
- Completed reload, in  0.891 seconds
Platform modules already initialized, skipping
========================================================================
Worker process is ready to serve import requests
Launched and connected shader compiler UnityShaderCompiler.exe after 0.08 seconds
Refreshing native plugins compatible for Editor in 0.25 ms, found 0 plugins.
Preloading 0 native plugins for Editor in 0.00 ms.
Unloading 1146 Unused Serialized files (Serialized files now loaded: 0)
System memory in use before: 58.3 MB.
System memory in use after: 58.3 MB.

Unloading 10 unused Assets to reduce memory usage. Loaded Objects now: 1589.
Total: 2.875500 ms (FindLiveObjects: 0.356200 ms CreateObjectMapping: 0.125300 ms MarkObjects: 2.218500 ms  DeleteObjects: 0.174100 ms)

========================================================================
Received Import Request.
  path: Assets/Scenes/Description/Description.unity
  artifactKey: Guid(9acdcde9f25631e47884e08e7fd41b28) Importer(815301076,1909f56bfc062723c751e8b465ee728b)
Start importing Assets/Scenes/Description/Description.unity using Guid(9acdcde9f25631e47884e08e7fd41b28) Importer(815301076,1909f56bfc062723c751e8b465ee728b)  -> (artifact id: '4cc2459a8eb68a990f6b7a497f20389c') in 0.028391 seconds
  Import took 0.033074 seconds .

========================================================================
Received Import Request.
  Time since last request: 604.221314 seconds.
  path: Assets/Scenes/Setting/SettingSceneManager.cs
  artifactKey: Guid(abb3162d8da7ea740b674d855a74ebeb) Importer(815301076,1909f56bfc062723c751e8b465ee728b)
Start importing Assets/Scenes/Setting/SettingSceneManager.cs using Guid(abb3162d8da7ea740b674d855a74ebeb) Importer(815301076,1909f56bfc062723c751e8b465ee728b)  -> (artifact id: '9a84ead8efd835811fefc90b1d27eaee') in 0.073224 seconds
  Import took 0.077330 seconds .

========================================================================
Received Prepare
Registering precompiled user dll's ...
Registered in 0.002306 seconds.
Begin MonoManager ReloadAssembly
Native extension for WindowsStandalone target not found
Refreshing native plugins compatible for Editor in 0.49 ms, found 0 plugins.
Preloading 0 native plugins for Editor in 0.00 ms.
Mono: successfully reloaded assembly
- Completed reload, in  1.085 seconds
Platform modules already initialized, skipping
Refreshing native plugins compatible for Editor in 0.25 ms, found 0 plugins.
Preloading 0 native plugins for Editor in 0.00 ms.
Unloading 1141 Unused Serialized files (Serialized files now loaded: 0)
System memory in use before: 58.2 MB.
System memory in use after: 58.3 MB.

Unloading 5 unused Assets to reduce memory usage. Loaded Objects now: 1592.
Total: 9.127700 ms (FindLiveObjects: 0.652900 ms CreateObjectMapping: 0.058400 ms MarkObjects: 8.014500 ms  DeleteObjects: 0.398700 ms)

========================================================================
Received Import Request.
  Time since last request: 229.883816 seconds.
  path: Assets/Scenes/Title/TitleManager.cs
  artifactKey: Guid(b3c6a320846e5dc40ac57039c9985450) Importer(815301076,1909f56bfc062723c751e8b465ee728b)
Start importing Assets/Scenes/Title/TitleManager.cs using Guid(b3c6a320846e5dc40ac57039c9985450) Importer(815301076,1909f56bfc062723c751e8b465ee728b)  -> (artifact id: 'fdaea6acb3a071ec256887a72bfd447a') in 0.025450 seconds
  Import took 0.031422 seconds .

========================================================================
Received Import Request.
  Time since last request: 0.012925 seconds.
  path: Assets/Scenes/Title/TitleManager.cs
  artifactKey: Guid(b3c6a320846e5dc40ac57039c9985450) Importer(815301076,1909f56bfc062723c751e8b465ee728b)
Start importing Assets/Scenes/Title/TitleManager.cs using Guid(b3c6a320846e5dc40ac57039c9985450) Importer(815301076,1909f56bfc062723c751e8b465ee728b)  -> (artifact id: 'fdaea6acb3a071ec256887a72bfd447a') in 0.006707 seconds
  Import took 0.010064 seconds .

========================================================================
Received Prepare
Registering precompiled user dll's ...
Registered in 0.001009 seconds.
Begin MonoManager ReloadAssembly
Native extension for WindowsStandalone target not found
Refreshing native plugins compatible for Editor in 0.37 ms, found 0 plugins.
Preloading 0 native plugins for Editor in 0.00 ms.
Mono: successfully reloaded assembly
- Completed reload, in  1.582 seconds
Platform modules already initialized, skipping
Refreshing native plugins compatible for Editor in 0.18 ms, found 0 plugins.
Preloading 0 native plugins for Editor in 0.00 ms.
Unloading 1141 Unused Serialized files (Serialized files now loaded: 0)
System memory in use before: 58.2 MB.
System memory in use after: 58.3 MB.

Unloading 5 unused Assets to reduce memory usage. Loaded Objects now: 1595.
Total: 5.104100 ms (FindLiveObjects: 0.277500 ms CreateObjectMapping: 0.068000 ms MarkObjects: 4.526500 ms  DeleteObjects: 0.230300 ms)

========================================================================
Received Import Request.
  Time since last request: 429.500489 seconds.
  path: Assets/Scenes/Title/TitleManager.cs
  artifactKey: Guid(b3c6a320846e5dc40ac57039c9985450) Importer(815301076,1909f56bfc062723c751e8b465ee728b)
Start importing Assets/Scenes/Title/TitleManager.cs using Guid(b3c6a320846e5dc40ac57039c9985450) Importer(815301076,1909f56bfc062723c751e8b465ee728b)  -> (artifact id: '1e19d3560291b64dfeae77c033e42c8f') in 0.007122 seconds
  Import took 0.011698 seconds .

========================================================================
Received Prepare
Registering precompiled user dll's ...
Registered in 0.000979 seconds.
Begin MonoManager ReloadAssembly
Native extension for WindowsStandalone target not found
Refreshing native plugins compatible for Editor in 0.28 ms, found 0 plugins.
Preloading 0 native plugins for Editor in 0.00 ms.
Mono: successfully reloaded assembly
- Completed reload, in  1.011 seconds
Platform modules already initialized, skipping
Refreshing native plugins compatible for Editor in 0.24 ms, found 0 plugins.
Preloading 0 native plugins for Editor in 0.00 ms.
Unloading 1141 Unused Serialized files (Serialized files now loaded: 0)
System memory in use before: 58.3 MB.
System memory in use after: 58.3 MB.

Unloading 5 unused Assets to reduce memory usage. Loaded Objects now: 1598.
Total: 3.613600 ms (FindLiveObjects: 0.390100 ms CreateObjectMapping: 0.082300 ms MarkObjects: 3.020300 ms  DeleteObjects: 0.118100 ms)

========================================================================
Received Prepare
Registering precompiled user dll's ...
Registered in 0.002122 seconds.
Begin MonoManager ReloadAssembly
Native extension for WindowsStandalone target not found
Refreshing native plugins compatible for Editor in 2.80 ms, found 0 plugins.
Preloading 0 native plugins for Editor in 0.00 ms.
Mono: successfully reloaded assembly
- Completed reload, in  8.746 seconds
Platform modules already initialized, skipping
Refreshing native plugins compatible for Editor in 3.72 ms, found 0 plugins.
Preloading 0 native plugins for Editor in 0.00 ms.
Unloading 1141 Unused Serialized files (Serialized files now loaded: 0)
System memory in use before: 58.3 MB.
System memory in use after: 58.3 MB.

Unloading 5 unused Assets to reduce memory usage. Loaded Objects now: 1601.
Total: 18.608700 ms (FindLiveObjects: 2.277700 ms CreateObjectMapping: 0.418400 ms MarkObjects: 14.730000 ms  DeleteObjects: 1.097300 ms)

========================================================================
Received Prepare
Registering precompiled user dll's ...
Registered in 0.001911 seconds.
Begin MonoManager ReloadAssembly
Native extension for WindowsStandalone target not found
Refreshing native plugins compatible for Editor in 0.53 ms, found 0 plugins.
Preloading 0 native plugins for Editor in 0.00 ms.
Mono: successfully reloaded assembly
- Completed reload, in  1.648 seconds
Platform modules already initialized, skipping
Refreshing native plugins compatible for Editor in 0.21 ms, found 0 plugins.
Preloading 0 native plugins for Editor in 0.00 ms.
Unloading 1141 Unused Serialized files (Serialized files now loaded: 0)
System memory in use before: 58.3 MB.
System memory in use after: 58.4 MB.

Unloading 5 unused Assets to reduce memory usage. Loaded Objects now: 1604.
Total: 5.102500 ms (FindLiveObjects: 0.271300 ms CreateObjectMapping: 0.090500 ms MarkObjects: 4.571600 ms  DeleteObjects: 0.162400 ms)

========================================================================
Received Import Request.
  Time since last request: 2979.105264 seconds.
  path: Assets/Scenes/Description/DescriptionManager.cs
  artifactKey: Guid(45207eca6c0623e4eb032b5293e0bad4) Importer(815301076,1909f56bfc062723c751e8b465ee728b)
Start importing Assets/Scenes/Description/DescriptionManager.cs using Guid(45207eca6c0623e4eb032b5293e0bad4) Importer(815301076,1909f56bfc062723c751e8b465ee728b)  -> (artifact id: '3f61ca7e4dfd2b7f3d2138362c97f3b5') in 0.024837 seconds
  Import took 0.029499 seconds .

========================================================================
Received Import Request.
  Time since last request: 17797.422993 seconds.
  path: Assets/Scenes/Game/NewKoma/Tamanegi.prefab
  artifactKey: Guid(7fdffa183d2f3144195b771226d1b0e4) Importer(815301076,1909f56bfc062723c751e8b465ee728b)
Start importing Assets/Scenes/Game/NewKoma/Tamanegi.prefab using Guid(7fdffa183d2f3144195b771226d1b0e4) Importer(815301076,1909f56bfc062723c751e8b465ee728b)  -> (artifact id: 'ca52e7617e2635c76b5cbfa66f694f7f') in 0.878608 seconds
  Import took 1.013574 seconds .

========================================================================
Received Import Request.
  Time since last request: 1.077258 seconds.
  path: Assets/Scenes/Game/Game.unity
  artifactKey: Guid(38169895231a42f49aa15cf1bde8372b) Importer(815301076,1909f56bfc062723c751e8b465ee728b)
Start importing Assets/Scenes/Game/Game.unity using Guid(38169895231a42f49aa15cf1bde8372b) Importer(815301076,1909f56bfc062723c751e8b465ee728b)  -> (artifact id: '7af9435ee84408415f521d42ce9d73ba') in 0.007958 seconds
  Import took 0.011782 seconds .

========================================================================
Received Import Request.
  Time since last request: 0.005077 seconds.
  path: Assets/Scenes/Game/Game.unity
  artifactKey: Guid(38169895231a42f49aa15cf1bde8372b) Importer(815301076,1909f56bfc062723c751e8b465ee728b)
Start importing Assets/Scenes/Game/Game.unity using Guid(38169895231a42f49aa15cf1bde8372b) Importer(815301076,1909f56bfc062723c751e8b465ee728b)  -> (artifact id: '7af9435ee84408415f521d42ce9d73ba') in 0.004568 seconds
  Import took 0.010268 seconds .

========================================================================
Received Import Request.
  Time since last request: 131.791216 seconds.
  path: Assets/Scenes/Game/Game.unity
  artifactKey: Guid(38169895231a42f49aa15cf1bde8372b) Importer(815301076,1909f56bfc062723c751e8b465ee728b)
Start importing Assets/Scenes/Game/Game.unity using Guid(38169895231a42f49aa15cf1bde8372b) Importer(815301076,1909f56bfc062723c751e8b465ee728b)  -> (artifact id: '9c164a868e4b345d78546632b61e26b0') in 0.016231 seconds
  Import took 0.022394 seconds .

========================================================================
Received Prepare
Registering precompiled user dll's ...
Registered in 0.001832 seconds.
Begin MonoManager ReloadAssembly
Native extension for WindowsStandalone target not found
Refreshing native plugins compatible for Editor in 0.21 ms, found 0 plugins.
Preloading 0 native plugins for Editor in 0.00 ms.
Mono: successfully reloaded assembly
- Completed reload, in  1.081 seconds
Platform modules already initialized, skipping
Refreshing native plugins compatible for Editor in 0.38 ms, found 0 plugins.
Preloading 0 native plugins for Editor in 0.00 ms.
Unloading 1141 Unused Serialized files (Serialized files now loaded: 0)
System memory in use before: 61.5 MB.
System memory in use after: 61.5 MB.

Unloading 5 unused Assets to reduce memory usage. Loaded Objects now: 1614.
Total: 5.441200 ms (FindLiveObjects: 0.225600 ms CreateObjectMapping: 0.272100 ms MarkObjects: 4.808700 ms  DeleteObjects: 0.133000 ms)

AssetImportWorkerClient::OnTransportError - code=2 error=End of file
