Using pre-set license
Built from '2020.3/staging' branch; Version is '2020.3.6f1 (338bb68529b2) revision 3378102'; Using compiler version '192528614'; Build Type 'Release'
OS: 'Windows 10 Home; OS build 22000.1098; Version 2009; 64bit' Language: 'ja' Physical Memory: 7877 MB
BatchMode: 1, IsHumanControllingUs: 0, StartBugReporterOnCrash: 0, Is64bit: 1, IsPro: 0

 COMMAND LINE ARGUMENTS:
C:\Program Files\2020.3.6f1\Editor\Unity.exe
-adb2
-batchMode
-noUpm
-name
AssetImportWorker0
-projectPath
C:/Users/shing/Documents/Taberoku_
-logFile
Logs/AssetImportWorker0.log
-srvPort
58453
Successfully changed project path to: C:/Users/shing/Documents/Taberoku_
C:/Users/shing/Documents/Taberoku_
Using Asset Import Pipeline V2.
Refreshing native plugins compatible for Editor in 23.82 ms, found 0 plugins.
Preloading 0 native plugins for Editor in 0.00 ms.
Initialize engine version: 2020.3.6f1 (338bb68529b2)
[Subsystems] Discovering subsystems at path C:/Program Files/2020.3.6f1/Editor/Data/Resources/UnitySubsystems
[Subsystems] Discovering subsystems at path C:/Users/shing/Documents/Taberoku_/Assets
GfxDevice: creating device client; threaded=0
Direct3D:
    Version:  Direct3D 11.0 [level 11.1]
    Renderer: Intel(R) UHD Graphics (ID=0x8a56)
    Vendor:   
    VRAM:     3938 MB
    Driver:   27.20.100.9126
Initialize mono
Mono path[0] = 'C:/Program Files/2020.3.6f1/Editor/Data/Managed'
Mono path[1] = 'C:/Program Files/2020.3.6f1/Editor/Data/MonoBleedingEdge/lib/mono/unityjit'
Mono config path = 'C:/Program Files/2020.3.6f1/Editor/Data/MonoBleedingEdge/etc'
Using monoOptions --debugger-agent=transport=dt_socket,embedding=1,server=y,suspend=n,address=127.0.0.1:56888
Begin MonoManager ReloadAssembly
Registering precompiled unity dll's ...
Register platform support module: C:/Program Files/2020.3.6f1/Editor/Data/PlaybackEngines/WindowsStandaloneSupport/UnityEditor.WindowsStandalone.Extensions.dll
Registered in 0.003419 seconds.
Native extension for WindowsStandalone target not found
Refreshing native plugins compatible for Editor in 23.04 ms, found 0 plugins.
Preloading 0 native plugins for Editor in 0.00 ms.
Mono: successfully reloaded assembly
- Completed reload, in  2.777 seconds
Platform modules already initialized, skipping
Registering precompiled user dll's ...
Registered in 0.003504 seconds.
Begin MonoManager ReloadAssembly
Native extension for WindowsStandalone target not found
Refreshing native plugins compatible for Editor in 0.19 ms, found 0 plugins.
Preloading 0 native plugins for Editor in 0.00 ms.
Mono: successfully reloaded assembly
- Completed reload, in  0.904 seconds
Platform modules already initialized, skipping
========================================================================
Worker process is ready to serve import requests
Launched and connected shader compiler UnityShaderCompiler.exe after 0.09 seconds
Refreshing native plugins compatible for Editor in 0.20 ms, found 0 plugins.
Preloading 0 native plugins for Editor in 0.00 ms.
Unloading 1145 Unused Serialized files (Serialized files now loaded: 0)
System memory in use before: 58.2 MB.
System memory in use after: 58.3 MB.

Unloading 10 unused Assets to reduce memory usage. Loaded Objects now: 1588.
Total: 2.006200 ms (FindLiveObjects: 0.152700 ms CreateObjectMapping: 0.040300 ms MarkObjects: 1.659600 ms  DeleteObjects: 0.151700 ms)

========================================================================
Received Import Request.
  path: Assets/Potho/tamago.png
  artifactKey: Guid(1d193e2807204ee4c85d34567a458601) Importer(815301076,1909f56bfc062723c751e8b465ee728b)
Start importing Assets/Potho/tamago.png using Guid(1d193e2807204ee4c85d34567a458601) Importer(815301076,1909f56bfc062723c751e8b465ee728b)  -> (artifact id: '16f9623c6bc4ea5a93f24ff810e690bf') in 0.148619 seconds
  Import took 0.152847 seconds .

========================================================================
Received Import Request.
  Time since last request: 1.373018 seconds.
  path: Assets/Potho/saikoroShake.png
  artifactKey: Guid(b9d13ca6795cd1e4b962808031c45242) Importer(815301076,1909f56bfc062723c751e8b465ee728b)
Start importing Assets/Potho/saikoroShake.png using Guid(b9d13ca6795cd1e4b962808031c45242) Importer(815301076,1909f56bfc062723c751e8b465ee728b)  -> (artifact id: '05c7d43b31da06805d7bdb4ed152b387') in 0.047576 seconds
  Import took 0.054167 seconds .

========================================================================
Received Import Request.
  Time since last request: 24.751461 seconds.
  path: Assets/Potho/saikoroShake.png
  artifactKey: Guid(b9d13ca6795cd1e4b962808031c45242) Importer(815301076,1909f56bfc062723c751e8b465ee728b)
Start importing Assets/Potho/saikoroShake.png using Guid(b9d13ca6795cd1e4b962808031c45242) Importer(815301076,1909f56bfc062723c751e8b465ee728b)  -> (artifact id: '671aa33e1bbb8692ac5a2c8d7f1bad69') in 0.122744 seconds
  Import took 0.126495 seconds .

========================================================================
Received Import Request.
  Time since last request: 0.000413 seconds.
  path: Assets/Potho/tamago.png
  artifactKey: Guid(1d193e2807204ee4c85d34567a458601) Importer(815301076,1909f56bfc062723c751e8b465ee728b)
Start importing Assets/Potho/tamago.png using Guid(1d193e2807204ee4c85d34567a458601) Importer(815301076,1909f56bfc062723c751e8b465ee728b)  -> (artifact id: 'd0ad5b4de3ed5d4964421b27b3900b76') in 0.024974 seconds
  Import took 0.028354 seconds .

========================================================================
Received Import Request.
  Time since last request: 6.499116 seconds.
  path: Assets/Scenes/Game/Game.unity
  artifactKey: Guid(38169895231a42f49aa15cf1bde8372b) Importer(815301076,1909f56bfc062723c751e8b465ee728b)
Start importing Assets/Scenes/Game/Game.unity using Guid(38169895231a42f49aa15cf1bde8372b) Importer(815301076,1909f56bfc062723c751e8b465ee728b)  -> (artifact id: 'f2ed19467ea9339281d6b3c58b3227f5') in 0.013244 seconds
  Import took 0.016863 seconds .

========================================================================
Received Import Request.
  Time since last request: 99.332184 seconds.
  path: Assets/Scenes/Game/3D/tamago.fbx
  artifactKey: Guid(54ebe6f4318071d44a06b5e2ffca1f61) Importer(815301076,1909f56bfc062723c751e8b465ee728b)
Start importing Assets/Scenes/Game/3D/tamago.fbx using Guid(54ebe6f4318071d44a06b5e2ffca1f61) Importer(815301076,1909f56bfc062723c751e8b465ee728b)  -> (artifact id: '6c0d5b3cadc688634dbd15435bd0f4fb') in 0.192687 seconds
  Import took 0.198439 seconds .

========================================================================
Received Import Request.
  Time since last request: 21.726058 seconds.
  path: Assets/Scenes/Game/NewKoma/Tamago.prefab
  artifactKey: Guid(40103c39b89a2d047ae369ee72a0eabb) Importer(815301076,1909f56bfc062723c751e8b465ee728b)
Start importing Assets/Scenes/Game/NewKoma/Tamago.prefab using Guid(40103c39b89a2d047ae369ee72a0eabb) Importer(815301076,1909f56bfc062723c751e8b465ee728b)  -> (artifact id: 'fceae12c4da9daa10676ea788ccc6c1e') in 0.026192 seconds
  Import took 0.029325 seconds .

========================================================================
Received Import Request.
  Time since last request: 25.689782 seconds.
  path: Assets/Scenes/Game/NewKoma/Tamago.prefab
  artifactKey: Guid(40103c39b89a2d047ae369ee72a0eabb) Importer(815301076,1909f56bfc062723c751e8b465ee728b)
Start importing Assets/Scenes/Game/NewKoma/Tamago.prefab using Guid(40103c39b89a2d047ae369ee72a0eabb) Importer(815301076,1909f56bfc062723c751e8b465ee728b)  -> (artifact id: '33cde3efb5b596ab1d9865e8cdf627a9') in 0.035132 seconds
  Import took 0.056270 seconds .

========================================================================
Received Import Request.
  Time since last request: 2.757650 seconds.
  path: Assets/Scenes/Game/NewKoma/Tamago.prefab
  artifactKey: Guid(40103c39b89a2d047ae369ee72a0eabb) Importer(815301076,1909f56bfc062723c751e8b465ee728b)
Start importing Assets/Scenes/Game/NewKoma/Tamago.prefab using Guid(40103c39b89a2d047ae369ee72a0eabb) Importer(815301076,1909f56bfc062723c751e8b465ee728b)  -> (artifact id: 'c4ee7b2c38ddb29e1d963b061d547fc7') in 0.026182 seconds
  Import took 0.031647 seconds .

========================================================================
Received Import Request.
  Time since last request: 2.383242 seconds.
  path: Assets/Scenes/Game/NewKoma/Tamago.prefab
  artifactKey: Guid(40103c39b89a2d047ae369ee72a0eabb) Importer(815301076,1909f56bfc062723c751e8b465ee728b)
Start importing Assets/Scenes/Game/NewKoma/Tamago.prefab using Guid(40103c39b89a2d047ae369ee72a0eabb) Importer(815301076,1909f56bfc062723c751e8b465ee728b)  -> (artifact id: 'a29db91b6569374a04790d0335993cbd') in 0.045058 seconds
  Import took 0.058836 seconds .

========================================================================
Received Import Request.
  Time since last request: 10.279800 seconds.
  path: Assets/Scenes/Game/NewKoma/Tamago.prefab
  artifactKey: Guid(40103c39b89a2d047ae369ee72a0eabb) Importer(815301076,1909f56bfc062723c751e8b465ee728b)
Start importing Assets/Scenes/Game/NewKoma/Tamago.prefab using Guid(40103c39b89a2d047ae369ee72a0eabb) Importer(815301076,1909f56bfc062723c751e8b465ee728b)  -> (artifact id: 'f589f3d0717ba0b00f9acd5072505e14') in 0.031235 seconds
  Import took 0.036295 seconds .

========================================================================
Received Import Request.
  Time since last request: 3.405848 seconds.
  path: Assets/Scenes/Game/NewKoma/Tamago.prefab
  artifactKey: Guid(40103c39b89a2d047ae369ee72a0eabb) Importer(815301076,1909f56bfc062723c751e8b465ee728b)
Start importing Assets/Scenes/Game/NewKoma/Tamago.prefab using Guid(40103c39b89a2d047ae369ee72a0eabb) Importer(815301076,1909f56bfc062723c751e8b465ee728b)  -> (artifact id: '44ca8b1890e6c2e1fbcdbca28a5622f4') in 0.082042 seconds
  Import took 0.086355 seconds .

========================================================================
Received Import Request.
  Time since last request: 5.370354 seconds.
  path: Assets/Scenes/Game/NewKoma/Tamago.prefab
  artifactKey: Guid(40103c39b89a2d047ae369ee72a0eabb) Importer(815301076,1909f56bfc062723c751e8b465ee728b)
Start importing Assets/Scenes/Game/NewKoma/Tamago.prefab using Guid(40103c39b89a2d047ae369ee72a0eabb) Importer(815301076,1909f56bfc062723c751e8b465ee728b)  -> (artifact id: '26392dce1cf71cfa3dffe276ac075af4') in 0.025704 seconds
  Import took 0.030479 seconds .

========================================================================
Received Import Request.
  Time since last request: 6.594404 seconds.
  path: Assets/Scenes/Start/Start.unity
  artifactKey: Guid(8152d0df5992cbb4abff43166ef80bc4) Importer(815301076,1909f56bfc062723c751e8b465ee728b)
Start importing Assets/Scenes/Start/Start.unity using Guid(8152d0df5992cbb4abff43166ef80bc4) Importer(815301076,1909f56bfc062723c751e8b465ee728b)  -> (artifact id: 'e3951ccca7e58185efdf0bdf854a1564') in 0.013759 seconds
  Import took 0.019625 seconds .

========================================================================
Received Import Request.
  Time since last request: 51.334159 seconds.
  path: Assets/Resources/Object.prefab
  artifactKey: Guid(827e17eb865979d4fa19ce2961678b6f) Importer(815301076,1909f56bfc062723c751e8b465ee728b)
Start importing Assets/Resources/Object.prefab using Guid(827e17eb865979d4fa19ce2961678b6f) Importer(815301076,1909f56bfc062723c751e8b465ee728b)  -> (artifact id: 'a2525d4fd3ad551545229e7343ab42c1') in 0.091286 seconds
  Import took 0.096137 seconds .

========================================================================
Received Prepare
Registering precompiled user dll's ...
Registered in 0.000885 seconds.
Begin MonoManager ReloadAssembly
Native extension for WindowsStandalone target not found
Refreshing native plugins compatible for Editor in 0.24 ms, found 0 plugins.
Preloading 0 native plugins for Editor in 0.00 ms.
Mono: successfully reloaded assembly
- Completed reload, in  0.730 seconds
Platform modules already initialized, skipping
Refreshing native plugins compatible for Editor in 0.18 ms, found 0 plugins.
Preloading 0 native plugins for Editor in 0.00 ms.
Unloading 1140 Unused Serialized files (Serialized files now loaded: 0)
System memory in use before: 61.8 MB.
System memory in use after: 61.8 MB.

Unloading 10 unused Assets to reduce memory usage. Loaded Objects now: 1642.
Total: 3.944200 ms (FindLiveObjects: 0.494900 ms CreateObjectMapping: 0.591200 ms MarkObjects: 2.726500 ms  DeleteObjects: 0.130100 ms)

========================================================================
Received Import Request.
  Time since last request: 134.189510 seconds.
  path: Assets/Scenes/Game/Game.unity
  artifactKey: Guid(38169895231a42f49aa15cf1bde8372b) Importer(815301076,1909f56bfc062723c751e8b465ee728b)
Start importing Assets/Scenes/Game/Game.unity using Guid(38169895231a42f49aa15cf1bde8372b) Importer(815301076,1909f56bfc062723c751e8b465ee728b)  -> (artifact id: '78c13c3316d2caadf3ed7963a437940a') in 0.014144 seconds
  Import took 0.017931 seconds .

========================================================================
Received Import Request.
  Time since last request: 0.001434 seconds.
  path: Assets/Scenes/Game/Game.unity
  artifactKey: Guid(38169895231a42f49aa15cf1bde8372b) Importer(815301076,1909f56bfc062723c751e8b465ee728b)
Start importing Assets/Scenes/Game/Game.unity using Guid(38169895231a42f49aa15cf1bde8372b) Importer(815301076,1909f56bfc062723c751e8b465ee728b)  -> (artifact id: '78c13c3316d2caadf3ed7963a437940a') in 0.003685 seconds
  Import took 0.008259 seconds .

========================================================================
Received Prepare
Registering precompiled user dll's ...
Registered in 0.000800 seconds.
Begin MonoManager ReloadAssembly
Native extension for WindowsStandalone target not found
Refreshing native plugins compatible for Editor in 0.23 ms, found 0 plugins.
Preloading 0 native plugins for Editor in 0.00 ms.
Mono: successfully reloaded assembly
- Completed reload, in  0.847 seconds
Platform modules already initialized, skipping
Refreshing native plugins compatible for Editor in 0.21 ms, found 0 plugins.
Preloading 0 native plugins for Editor in 0.00 ms.
Unloading 1140 Unused Serialized files (Serialized files now loaded: 0)
System memory in use before: 61.8 MB.
System memory in use after: 61.9 MB.

Unloading 5 unused Assets to reduce memory usage. Loaded Objects now: 1645.
Total: 2.118000 ms (FindLiveObjects: 0.387500 ms CreateObjectMapping: 0.119200 ms MarkObjects: 1.543600 ms  DeleteObjects: 0.065500 ms)

========================================================================
Received Import Request.
  Time since last request: 26.225715 seconds.
  path: Assets/Scenes/Start/Start.unity
  artifactKey: Guid(8152d0df5992cbb4abff43166ef80bc4) Importer(815301076,1909f56bfc062723c751e8b465ee728b)
Start importing Assets/Scenes/Start/Start.unity using Guid(8152d0df5992cbb4abff43166ef80bc4) Importer(815301076,1909f56bfc062723c751e8b465ee728b)  -> (artifact id: '0eb924ea176d8af0eb360b1752d3cf0f') in 0.020839 seconds
  Import took 0.025840 seconds .

========================================================================
Received Prepare
Registering precompiled user dll's ...
Registered in 0.001404 seconds.
Begin MonoManager ReloadAssembly
Native extension for WindowsStandalone target not found
Refreshing native plugins compatible for Editor in 0.19 ms, found 0 plugins.
Preloading 0 native plugins for Editor in 0.00 ms.
Mono: successfully reloaded assembly
- Completed reload, in  0.796 seconds
Platform modules already initialized, skipping
Refreshing native plugins compatible for Editor in 0.19 ms, found 0 plugins.
Preloading 0 native plugins for Editor in 0.00 ms.
Unloading 1140 Unused Serialized files (Serialized files now loaded: 0)
System memory in use before: 61.8 MB.
System memory in use after: 61.9 MB.

Unloading 5 unused Assets to reduce memory usage. Loaded Objects now: 1648.
Total: 2.285800 ms (FindLiveObjects: 0.576400 ms CreateObjectMapping: 0.152900 ms MarkObjects: 1.489200 ms  DeleteObjects: 0.065000 ms)

========================================================================
Received Import Request.
  Time since last request: 67.783401 seconds.
  path: Assets/Scenes/Game/NewKoma/Potato.prefab
  artifactKey: Guid(f5b0690c2a208a24b8b6bd14f6d24599) Importer(815301076,1909f56bfc062723c751e8b465ee728b)
Start importing Assets/Scenes/Game/NewKoma/Potato.prefab using Guid(f5b0690c2a208a24b8b6bd14f6d24599) Importer(815301076,1909f56bfc062723c751e8b465ee728b)  -> (artifact id: 'ad5608197f96f2e802d004c8284b162a') in 0.066420 seconds
  Import took 0.069813 seconds .

========================================================================
Received Prepare
Registering precompiled user dll's ...
Registered in 0.001068 seconds.
Begin MonoManager ReloadAssembly
Native extension for WindowsStandalone target not found
Refreshing native plugins compatible for Editor in 0.20 ms, found 0 plugins.
Preloading 0 native plugins for Editor in 0.00 ms.
Mono: successfully reloaded assembly
- Completed reload, in  0.752 seconds
Platform modules already initialized, skipping
Refreshing native plugins compatible for Editor in 0.19 ms, found 0 plugins.
Preloading 0 native plugins for Editor in 0.00 ms.
Unloading 1140 Unused Serialized files (Serialized files now loaded: 0)
System memory in use before: 61.8 MB.
System memory in use after: 61.9 MB.

Unloading 5 unused Assets to reduce memory usage. Loaded Objects now: 1652.
Total: 1.955700 ms (FindLiveObjects: 0.216600 ms CreateObjectMapping: 0.059000 ms MarkObjects: 1.564300 ms  DeleteObjects: 0.114600 ms)

========================================================================
Received Import Request.
  Time since last request: 61.994818 seconds.
  path: Assets/Scenes/Game/NewKoma/Tamago.prefab
  artifactKey: Guid(40103c39b89a2d047ae369ee72a0eabb) Importer(815301076,1909f56bfc062723c751e8b465ee728b)
Start importing Assets/Scenes/Game/NewKoma/Tamago.prefab using Guid(40103c39b89a2d047ae369ee72a0eabb) Importer(815301076,1909f56bfc062723c751e8b465ee728b)  -> (artifact id: 'b90851cc3eaca18e4cde109ded5944b9') in 0.065858 seconds
  Import took 0.069591 seconds .

========================================================================
Received Import Request.
  Time since last request: 1.700543 seconds.
  path: Assets/Scenes/Game/NewKoma/Tamago.prefab
  artifactKey: Guid(40103c39b89a2d047ae369ee72a0eabb) Importer(815301076,1909f56bfc062723c751e8b465ee728b)
Start importing Assets/Scenes/Game/NewKoma/Tamago.prefab using Guid(40103c39b89a2d047ae369ee72a0eabb) Importer(815301076,1909f56bfc062723c751e8b465ee728b)  -> (artifact id: '4f779118b60f898fd7de2abef4c93a76') in 0.026062 seconds
  Import took 0.031115 seconds .

========================================================================
Received Import Request.
  Time since last request: 8.070302 seconds.
  path: Assets/Scenes/Game/NewKoma/Tamago.prefab
  artifactKey: Guid(40103c39b89a2d047ae369ee72a0eabb) Importer(815301076,1909f56bfc062723c751e8b465ee728b)
Start importing Assets/Scenes/Game/NewKoma/Tamago.prefab using Guid(40103c39b89a2d047ae369ee72a0eabb) Importer(815301076,1909f56bfc062723c751e8b465ee728b)  -> (artifact id: '59c162e83bf5f7c3d611dcf7e03473ba') in 0.029397 seconds
  Import took 0.033423 seconds .

========================================================================
Received Import Request.
  Time since last request: 1.384701 seconds.
  path: Assets/Scenes/Game/NewKoma/Tamago.prefab
  artifactKey: Guid(40103c39b89a2d047ae369ee72a0eabb) Importer(815301076,1909f56bfc062723c751e8b465ee728b)
Start importing Assets/Scenes/Game/NewKoma/Tamago.prefab using Guid(40103c39b89a2d047ae369ee72a0eabb) Importer(815301076,1909f56bfc062723c751e8b465ee728b)  -> (artifact id: 'ca0ef18385223e583c3dfbc3355c20fb') in 0.023880 seconds
  Import took 0.027983 seconds .

========================================================================
Received Import Request.
  Time since last request: 3.839910 seconds.
  path: Assets/Scenes/Game/NewKoma/Tamago.prefab
  artifactKey: Guid(40103c39b89a2d047ae369ee72a0eabb) Importer(815301076,1909f56bfc062723c751e8b465ee728b)
Start importing Assets/Scenes/Game/NewKoma/Tamago.prefab using Guid(40103c39b89a2d047ae369ee72a0eabb) Importer(815301076,1909f56bfc062723c751e8b465ee728b)  -> (artifact id: '267f5945f33cfecf9ea1951c054c64d8') in 0.028751 seconds
  Import took 0.033064 seconds .

========================================================================
Received Import Request.
  Time since last request: 13.146421 seconds.
  path: Assets/Scenes/Game/NewKoma/Tamago.prefab
  artifactKey: Guid(40103c39b89a2d047ae369ee72a0eabb) Importer(815301076,1909f56bfc062723c751e8b465ee728b)
Start importing Assets/Scenes/Game/NewKoma/Tamago.prefab using Guid(40103c39b89a2d047ae369ee72a0eabb) Importer(815301076,1909f56bfc062723c751e8b465ee728b)  -> (artifact id: '907a5dc3af0cc6a1601d25c8908efebd') in 0.029789 seconds
  Import took 0.034870 seconds .

========================================================================
Received Import Request.
  Time since last request: 1915.420577 seconds.
  path: Assets/Potho/title.png
  artifactKey: Guid(8706ce1b44403f843860c806566caeb0) Importer(815301076,1909f56bfc062723c751e8b465ee728b)
Start importing Assets/Potho/title.png using Guid(8706ce1b44403f843860c806566caeb0) Importer(815301076,1909f56bfc062723c751e8b465ee728b)  -> (artifact id: '2cf3970b7a2bac52946f248c251d453b') in 0.164231 seconds
  Import took 0.214056 seconds .

========================================================================
Received Import Request.
  Time since last request: 16.775035 seconds.
  path: Assets/Potho/title.png
  artifactKey: Guid(8706ce1b44403f843860c806566caeb0) Importer(815301076,1909f56bfc062723c751e8b465ee728b)
Start importing Assets/Potho/title.png using Guid(8706ce1b44403f843860c806566caeb0) Importer(815301076,1909f56bfc062723c751e8b465ee728b)  -> (artifact id: 'a48cd5c9a0f89dd523bb65077df46e7e') in 0.176716 seconds
  Import took 0.180166 seconds .

========================================================================
Received Prepare
Registering precompiled user dll's ...
Registered in 0.001282 seconds.
Begin MonoManager ReloadAssembly
Native extension for WindowsStandalone target not found
Refreshing native plugins compatible for Editor in 0.26 ms, found 0 plugins.
Preloading 0 native plugins for Editor in 0.00 ms.
Mono: successfully reloaded assembly
- Completed reload, in  1.237 seconds
Platform modules already initialized, skipping
Refreshing native plugins compatible for Editor in 0.24 ms, found 0 plugins.
Preloading 0 native plugins for Editor in 0.00 ms.
Unloading 1140 Unused Serialized files (Serialized files now loaded: 0)
System memory in use before: 61.9 MB.
System memory in use after: 62.0 MB.

Unloading 5 unused Assets to reduce memory usage. Loaded Objects now: 1658.
Total: 3.054200 ms (FindLiveObjects: 0.655700 ms CreateObjectMapping: 0.110900 ms MarkObjects: 2.122500 ms  DeleteObjects: 0.161000 ms)

AssetImportWorkerClient::OnTransportError - code=2 error=End of file
