Using pre-set license
Built from '2020.3/staging' branch; Version is '2020.3.6f1 (338bb68529b2) revision 3378102'; Using compiler version '192528614'; Build Type 'Release'
OS: 'Windows 10 Home; OS build 22000.978; Version 2009; 64bit' Language: 'ja' Physical Memory: 7877 MB
BatchMode: 1, IsHumanControllingUs: 0, StartBugReporterOnCrash: 0, Is64bit: 1, IsPro: 0

 COMMAND LINE ARGUMENTS:
C:\Program Files\2020.3.6f1\Editor\Unity.exe
-adb2
-batchMode
-noUpm
-name
AssetImportWorker1
-projectPath
C:/Users/shing/Documents/Taberoku_
-logFile
Logs/AssetImportWorker1.log
-srvPort
50099
Successfully changed project path to: C:/Users/shing/Documents/Taberoku_
C:/Users/shing/Documents/Taberoku_
Using Asset Import Pipeline V2.
Refreshing native plugins compatible for Editor in 25.06 ms, found 0 plugins.
Preloading 0 native plugins for Editor in 0.00 ms.
Initialize engine version: 2020.3.6f1 (338bb68529b2)
[Subsystems] Discovering subsystems at path C:/Program Files/2020.3.6f1/Editor/Data/Resources/UnitySubsystems
[Subsystems] Discovering subsystems at path C:/Users/shing/Documents/Taberoku_/Assets
GfxDevice: creating device client; threaded=0
Direct3D:
    Version:  Direct3D 11.0 [level 11.1]
    Renderer: Intel(R) UHD Graphics (ID=0x8a56)
    Vendor:   
    VRAM:     3938 MB
    Driver:   27.20.100.9126
Initialize mono
Mono path[0] = 'C:/Program Files/2020.3.6f1/Editor/Data/Managed'
Mono path[1] = 'C:/Program Files/2020.3.6f1/Editor/Data/MonoBleedingEdge/lib/mono/unityjit'
Mono config path = 'C:/Program Files/2020.3.6f1/Editor/Data/MonoBleedingEdge/etc'
Using monoOptions --debugger-agent=transport=dt_socket,embedding=1,server=y,suspend=n,address=127.0.0.1:56368
Begin MonoManager ReloadAssembly
Registering precompiled unity dll's ...
Register platform support module: C:/Program Files/2020.3.6f1/Editor/Data/PlaybackEngines/WindowsStandaloneSupport/UnityEditor.WindowsStandalone.Extensions.dll
Registered in 0.001681 seconds.
Native extension for WindowsStandalone target not found
Refreshing native plugins compatible for Editor in 29.89 ms, found 0 plugins.
Preloading 0 native plugins for Editor in 0.00 ms.
Mono: successfully reloaded assembly
- Completed reload, in  1.296 seconds
Platform modules already initialized, skipping
Registering precompiled user dll's ...
Registered in 0.000774 seconds.
Begin MonoManager ReloadAssembly
Native extension for WindowsStandalone target not found
Refreshing native plugins compatible for Editor in 0.21 ms, found 0 plugins.
Preloading 0 native plugins for Editor in 0.00 ms.
Mono: successfully reloaded assembly
- Completed reload, in 13.674 seconds
Platform modules already initialized, skipping
========================================================================
Worker process is ready to serve import requests
Launched and connected shader compiler UnityShaderCompiler.exe after 0.07 seconds
Refreshing native plugins compatible for Editor in 0.18 ms, found 0 plugins.
Preloading 0 native plugins for Editor in 0.00 ms.
Unloading 1140 Unused Serialized files (Serialized files now loaded: 0)
System memory in use before: 57.9 MB.
System memory in use after: 58.0 MB.

Unloading 10 unused Assets to reduce memory usage. Loaded Objects now: 1583.
Total: 2.405500 ms (FindLiveObjects: 0.149100 ms CreateObjectMapping: 0.039900 ms MarkObjects: 2.127700 ms  DeleteObjects: 0.087100 ms)

========================================================================
Received Import Request.
  path: Assets/Scenes/Game/DiceThrow.cs
  artifactKey: Guid(ae54f3987e7134e41932e7d048314056) Importer(815301076,1909f56bfc062723c751e8b465ee728b)
Start importing Assets/Scenes/Game/DiceThrow.cs using Guid(ae54f3987e7134e41932e7d048314056) Importer(815301076,1909f56bfc062723c751e8b465ee728b)  -> (artifact id: '146c997372f5b739c7fd5c719cad660a') in 0.082140 seconds
  Import took 0.085428 seconds .

========================================================================
Received Prepare
Registering precompiled user dll's ...
Registered in 0.003282 seconds.
Begin MonoManager ReloadAssembly
Native extension for WindowsStandalone target not found
Refreshing native plugins compatible for Editor in 0.19 ms, found 0 plugins.
Preloading 0 native plugins for Editor in 0.00 ms.
Mono: successfully reloaded assembly
- Completed reload, in  1.155 seconds
Platform modules already initialized, skipping
Refreshing native plugins compatible for Editor in 0.19 ms, found 0 plugins.
Preloading 0 native plugins for Editor in 0.00 ms.
Unloading 1135 Unused Serialized files (Serialized files now loaded: 0)
System memory in use before: 57.9 MB.
System memory in use after: 57.9 MB.

Unloading 5 unused Assets to reduce memory usage. Loaded Objects now: 1586.
Total: 2.090900 ms (FindLiveObjects: 0.369100 ms CreateObjectMapping: 0.105600 ms MarkObjects: 1.545800 ms  DeleteObjects: 0.067300 ms)

========================================================================
Received Import Request.
  Time since last request: 320.527562 seconds.
  path: Assets/Scenes/Game/DiceThrow.cs
  artifactKey: Guid(ae54f3987e7134e41932e7d048314056) Importer(815301076,1909f56bfc062723c751e8b465ee728b)
Start importing Assets/Scenes/Game/DiceThrow.cs using Guid(ae54f3987e7134e41932e7d048314056) Importer(815301076,1909f56bfc062723c751e8b465ee728b)  -> (artifact id: '7bb6ddc1004d42b047550e3b7bd88c01') in 0.007039 seconds
  Import took 0.010339 seconds .

========================================================================
Received Import Request.
  Time since last request: 2.074117 seconds.
  path: Assets/Scenes/Game/DiceThrow.cs
  artifactKey: Guid(ae54f3987e7134e41932e7d048314056) Importer(815301076,1909f56bfc062723c751e8b465ee728b)
Start importing Assets/Scenes/Game/DiceThrow.cs using Guid(ae54f3987e7134e41932e7d048314056) Importer(815301076,1909f56bfc062723c751e8b465ee728b)  -> (artifact id: '7bb6ddc1004d42b047550e3b7bd88c01') in 0.003256 seconds
  Import took 0.006419 seconds .

========================================================================
Received Prepare
Registering precompiled user dll's ...
Registered in 0.004731 seconds.
Begin MonoManager ReloadAssembly
Native extension for WindowsStandalone target not found
Refreshing native plugins compatible for Editor in 0.20 ms, found 0 plugins.
Preloading 0 native plugins for Editor in 0.00 ms.
Mono: successfully reloaded assembly
- Completed reload, in  1.438 seconds
Platform modules already initialized, skipping
Refreshing native plugins compatible for Editor in 0.19 ms, found 0 plugins.
Preloading 0 native plugins for Editor in 0.00 ms.
Unloading 1135 Unused Serialized files (Serialized files now loaded: 0)
System memory in use before: 57.9 MB.
System memory in use after: 58.0 MB.

Unloading 5 unused Assets to reduce memory usage. Loaded Objects now: 1589.
Total: 3.645000 ms (FindLiveObjects: 0.397800 ms CreateObjectMapping: 0.080700 ms MarkObjects: 2.987500 ms  DeleteObjects: 0.161600 ms)

========================================================================
Received Prepare
Registering precompiled user dll's ...
Registered in 0.002033 seconds.
Begin MonoManager ReloadAssembly
Native extension for WindowsStandalone target not found
Refreshing native plugins compatible for Editor in 1.11 ms, found 0 plugins.
Preloading 0 native plugins for Editor in 0.00 ms.
Mono: successfully reloaded assembly
- Completed reload, in  1.082 seconds
Platform modules already initialized, skipping
Refreshing native plugins compatible for Editor in 0.19 ms, found 0 plugins.
Preloading 0 native plugins for Editor in 0.00 ms.
Unloading 1135 Unused Serialized files (Serialized files now loaded: 0)
System memory in use before: 57.9 MB.
System memory in use after: 58.0 MB.

Unloading 5 unused Assets to reduce memory usage. Loaded Objects now: 1592.
Total: 1.900100 ms (FindLiveObjects: 0.303300 ms CreateObjectMapping: 0.051900 ms MarkObjects: 1.476100 ms  DeleteObjects: 0.066500 ms)

========================================================================
Received Prepare
Registering precompiled user dll's ...
Registered in 0.001185 seconds.
Begin MonoManager ReloadAssembly
Native extension for WindowsStandalone target not found
Refreshing native plugins compatible for Editor in 0.84 ms, found 0 plugins.
Preloading 0 native plugins for Editor in 0.00 ms.
Mono: successfully reloaded assembly
- Completed reload, in  1.562 seconds
Platform modules already initialized, skipping
Refreshing native plugins compatible for Editor in 0.26 ms, found 0 plugins.
Preloading 0 native plugins for Editor in 0.00 ms.
Unloading 1135 Unused Serialized files (Serialized files now loaded: 0)
System memory in use before: 57.9 MB.
System memory in use after: 58.0 MB.

Unloading 5 unused Assets to reduce memory usage. Loaded Objects now: 1595.
Total: 2.949700 ms (FindLiveObjects: 0.485600 ms CreateObjectMapping: 0.119600 ms MarkObjects: 2.263000 ms  DeleteObjects: 0.079400 ms)

========================================================================
Received Prepare
Registering precompiled user dll's ...
Registered in 0.002929 seconds.
Begin MonoManager ReloadAssembly
Native extension for WindowsStandalone target not found
Refreshing native plugins compatible for Editor in 0.19 ms, found 0 plugins.
Preloading 0 native plugins for Editor in 0.00 ms.
Mono: successfully reloaded assembly
- Completed reload, in  1.549 seconds
Platform modules already initialized, skipping
Refreshing native plugins compatible for Editor in 0.25 ms, found 0 plugins.
Preloading 0 native plugins for Editor in 0.00 ms.
Unloading 1135 Unused Serialized files (Serialized files now loaded: 0)
System memory in use before: 57.9 MB.
System memory in use after: 58.0 MB.

Unloading 5 unused Assets to reduce memory usage. Loaded Objects now: 1598.
Total: 2.239200 ms (FindLiveObjects: 0.213300 ms CreateObjectMapping: 0.052000 ms MarkObjects: 1.834200 ms  DeleteObjects: 0.136400 ms)

========================================================================
Received Import Request.
  Time since last request: 794.960284 seconds.
  path: Assets/Scenes/Game/saikoro.prefab
  artifactKey: Guid(52de150870e278146ab7430bded065c9) Importer(815301076,1909f56bfc062723c751e8b465ee728b)
Start importing Assets/Scenes/Game/saikoro.prefab using Guid(52de150870e278146ab7430bded065c9) Importer(815301076,1909f56bfc062723c751e8b465ee728b)  -> (artifact id: 'cc76bba1da9774d661e31cc02fab5000') in 0.172237 seconds
  Import took 0.176530 seconds .

========================================================================
Received Import Request.
  Time since last request: 8.840411 seconds.
  path: Assets/Scenes/Game/saikoro.prefab
  artifactKey: Guid(52de150870e278146ab7430bded065c9) Importer(815301076,1909f56bfc062723c751e8b465ee728b)
Start importing Assets/Scenes/Game/saikoro.prefab using Guid(52de150870e278146ab7430bded065c9) Importer(815301076,1909f56bfc062723c751e8b465ee728b)  -> (artifact id: '8ab8459675cb2ed112fce2aee3e1c849') in 0.021769 seconds
  Import took 0.026734 seconds .

========================================================================
Received Import Request.
  Time since last request: 30.522148 seconds.
  path: Assets/Scenes/Game/saikoro.prefab
  artifactKey: Guid(52de150870e278146ab7430bded065c9) Importer(815301076,1909f56bfc062723c751e8b465ee728b)
Start importing Assets/Scenes/Game/saikoro.prefab using Guid(52de150870e278146ab7430bded065c9) Importer(815301076,1909f56bfc062723c751e8b465ee728b)  -> (artifact id: '2cfcdc073a23f0dc54bf723fa8bdc640') in 0.018988 seconds
  Import took 0.022225 seconds .

========================================================================
Received Import Request.
  Time since last request: 11.078897 seconds.
  path: Assets/Scenes/Game/saikoro.prefab
  artifactKey: Guid(52de150870e278146ab7430bded065c9) Importer(815301076,1909f56bfc062723c751e8b465ee728b)
Start importing Assets/Scenes/Game/saikoro.prefab using Guid(52de150870e278146ab7430bded065c9) Importer(815301076,1909f56bfc062723c751e8b465ee728b)  -> (artifact id: 'efb9b984f2fe82fc4d3f623f73ff9a75') in 0.019967 seconds
  Import took 0.026265 seconds .

========================================================================
Received Import Request.
  Time since last request: 61.344398 seconds.
  path: Assets/Scenes/Game/saikoro.prefab
  artifactKey: Guid(52de150870e278146ab7430bded065c9) Importer(815301076,1909f56bfc062723c751e8b465ee728b)
Start importing Assets/Scenes/Game/saikoro.prefab using Guid(52de150870e278146ab7430bded065c9) Importer(815301076,1909f56bfc062723c751e8b465ee728b)  -> (artifact id: 'd2c5588c9632488f6c0c8ef8e084d910') in 0.023397 seconds
  Import took 0.027826 seconds .

========================================================================
Received Import Request.
  Time since last request: 36.438563 seconds.
  path: Assets/Scenes/Game/saikoro.prefab
  artifactKey: Guid(52de150870e278146ab7430bded065c9) Importer(815301076,1909f56bfc062723c751e8b465ee728b)
Start importing Assets/Scenes/Game/saikoro.prefab using Guid(52de150870e278146ab7430bded065c9) Importer(815301076,1909f56bfc062723c751e8b465ee728b)  -> (artifact id: '2445f1aca1a7524d18f51e87a09055e8') in 0.023899 seconds
  Import took 0.029640 seconds .

========================================================================
Received Import Request.
  Time since last request: 11.871437 seconds.
  path: Assets/Scenes/Game/saikoro.prefab
  artifactKey: Guid(52de150870e278146ab7430bded065c9) Importer(815301076,1909f56bfc062723c751e8b465ee728b)
Start importing Assets/Scenes/Game/saikoro.prefab using Guid(52de150870e278146ab7430bded065c9) Importer(815301076,1909f56bfc062723c751e8b465ee728b)  -> (artifact id: '82c95818fd3acadb58e20462d01a29ff') in 0.023728 seconds
  Import took 0.027188 seconds .

========================================================================
Received Import Request.
  Time since last request: 18.554054 seconds.
  path: Assets/Scenes/Game/saikoro.prefab
  artifactKey: Guid(52de150870e278146ab7430bded065c9) Importer(815301076,1909f56bfc062723c751e8b465ee728b)
Start importing Assets/Scenes/Game/saikoro.prefab using Guid(52de150870e278146ab7430bded065c9) Importer(815301076,1909f56bfc062723c751e8b465ee728b)  -> (artifact id: '8c0032e7a06ae1887038a102e12226aa') in 0.016619 seconds
  Import took 0.020214 seconds .

========================================================================
Received Import Request.
  Time since last request: 10.059545 seconds.
  path: Assets/Scenes/Game/saikoro.prefab
  artifactKey: Guid(52de150870e278146ab7430bded065c9) Importer(815301076,1909f56bfc062723c751e8b465ee728b)
Start importing Assets/Scenes/Game/saikoro.prefab using Guid(52de150870e278146ab7430bded065c9) Importer(815301076,1909f56bfc062723c751e8b465ee728b)  -> (artifact id: '98b4fd6693620b56d2c510d212d17cb1') in 0.023173 seconds
  Import took 0.026563 seconds .

========================================================================
Received Import Request.
  Time since last request: 6.229818 seconds.
  path: Assets/Scenes/Game/saikoro.prefab
  artifactKey: Guid(52de150870e278146ab7430bded065c9) Importer(815301076,1909f56bfc062723c751e8b465ee728b)
Start importing Assets/Scenes/Game/saikoro.prefab using Guid(52de150870e278146ab7430bded065c9) Importer(815301076,1909f56bfc062723c751e8b465ee728b)  -> (artifact id: 'c5d04f875c93e7aece85df450697d391') in 0.022090 seconds
  Import took 0.027288 seconds .

========================================================================
Received Import Request.
  Time since last request: 9.660014 seconds.
  path: Assets/Scenes/Game/saikoro.prefab
  artifactKey: Guid(52de150870e278146ab7430bded065c9) Importer(815301076,1909f56bfc062723c751e8b465ee728b)
Start importing Assets/Scenes/Game/saikoro.prefab using Guid(52de150870e278146ab7430bded065c9) Importer(815301076,1909f56bfc062723c751e8b465ee728b)  -> (artifact id: 'd3e1935fe0ed72c61f2ba69f2d461a13') in 0.022733 seconds
  Import took 0.025242 seconds .

========================================================================
Received Import Request.
  Time since last request: 2.317506 seconds.
  path: Assets/Scenes/Game/saikoro.prefab
  artifactKey: Guid(52de150870e278146ab7430bded065c9) Importer(815301076,1909f56bfc062723c751e8b465ee728b)
Start importing Assets/Scenes/Game/saikoro.prefab using Guid(52de150870e278146ab7430bded065c9) Importer(815301076,1909f56bfc062723c751e8b465ee728b)  -> (artifact id: 'bce059174e88db97f864d80ba456a689') in 0.024686 seconds
  Import took 0.028190 seconds .

========================================================================
Received Import Request.
  Time since last request: 0.001963 seconds.
  path: Assets/Scenes/Game/saikoro.prefab
  artifactKey: Guid(52de150870e278146ab7430bded065c9) Importer(815301076,1909f56bfc062723c751e8b465ee728b)
Start importing Assets/Scenes/Game/saikoro.prefab using Guid(52de150870e278146ab7430bded065c9) Importer(815301076,1909f56bfc062723c751e8b465ee728b)  -> (artifact id: 'bce059174e88db97f864d80ba456a689') in 0.023623 seconds
  Import took 0.027524 seconds .

========================================================================
Received Import Request.
  Time since last request: 5.584771 seconds.
  path: Assets/Scenes/Game/saikoro.prefab
  artifactKey: Guid(52de150870e278146ab7430bded065c9) Importer(815301076,1909f56bfc062723c751e8b465ee728b)
Start importing Assets/Scenes/Game/saikoro.prefab using Guid(52de150870e278146ab7430bded065c9) Importer(815301076,1909f56bfc062723c751e8b465ee728b)  -> (artifact id: 'e438162ce4c04edc51d795578d3e8ed9') in 0.023416 seconds
  Import took 0.027614 seconds .

========================================================================
Received Import Request.
  Time since last request: 2.394110 seconds.
  path: Assets/Scenes/Game/saikoro.prefab
  artifactKey: Guid(52de150870e278146ab7430bded065c9) Importer(815301076,1909f56bfc062723c751e8b465ee728b)
Start importing Assets/Scenes/Game/saikoro.prefab using Guid(52de150870e278146ab7430bded065c9) Importer(815301076,1909f56bfc062723c751e8b465ee728b)  -> (artifact id: '8ff26c05d5f989238fc5967eee9bc073') in 0.027513 seconds
  Import took 0.033364 seconds .

========================================================================
Received Import Request.
  Time since last request: 2.790719 seconds.
  path: Assets/Scenes/Game/saikoro.prefab
  artifactKey: Guid(52de150870e278146ab7430bded065c9) Importer(815301076,1909f56bfc062723c751e8b465ee728b)
Start importing Assets/Scenes/Game/saikoro.prefab using Guid(52de150870e278146ab7430bded065c9) Importer(815301076,1909f56bfc062723c751e8b465ee728b)  -> (artifact id: 'be34f78b251598d933af10045184fa29') in 0.020786 seconds
  Import took 0.023987 seconds .

========================================================================
Received Import Request.
  Time since last request: 15.106457 seconds.
  path: Assets/Scenes/Game/saikoro.prefab
  artifactKey: Guid(52de150870e278146ab7430bded065c9) Importer(815301076,1909f56bfc062723c751e8b465ee728b)
Start importing Assets/Scenes/Game/saikoro.prefab using Guid(52de150870e278146ab7430bded065c9) Importer(815301076,1909f56bfc062723c751e8b465ee728b)  -> (artifact id: '54e93bf1d5349d6289af7eee7c56f08c') in 0.021570 seconds
  Import took 0.024720 seconds .

========================================================================
Received Import Request.
  Time since last request: 10.854373 seconds.
  path: Assets/Scenes/Game/saikoro.prefab
  artifactKey: Guid(52de150870e278146ab7430bded065c9) Importer(815301076,1909f56bfc062723c751e8b465ee728b)
Start importing Assets/Scenes/Game/saikoro.prefab using Guid(52de150870e278146ab7430bded065c9) Importer(815301076,1909f56bfc062723c751e8b465ee728b)  -> (artifact id: 'bf899581e12f13b91881837c5201b567') in 0.021225 seconds
  Import took 0.024204 seconds .

========================================================================
Received Import Request.
  Time since last request: 8.859626 seconds.
  path: Assets/Scenes/Game/saikoro.prefab
  artifactKey: Guid(52de150870e278146ab7430bded065c9) Importer(815301076,1909f56bfc062723c751e8b465ee728b)
Start importing Assets/Scenes/Game/saikoro.prefab using Guid(52de150870e278146ab7430bded065c9) Importer(815301076,1909f56bfc062723c751e8b465ee728b)  -> (artifact id: 'b4695f62280eaf8753705bda6027b4b5') in 0.019389 seconds
  Import took 0.023986 seconds .

========================================================================
Received Import Request.
  Time since last request: 4.611649 seconds.
  path: Assets/Scenes/Game/saikoro.prefab
  artifactKey: Guid(52de150870e278146ab7430bded065c9) Importer(815301076,1909f56bfc062723c751e8b465ee728b)
Start importing Assets/Scenes/Game/saikoro.prefab using Guid(52de150870e278146ab7430bded065c9) Importer(815301076,1909f56bfc062723c751e8b465ee728b)  -> (artifact id: 'c20945e971219f8a69db4bd6e3b108d2') in 0.023863 seconds
  Import took 0.027043 seconds .

========================================================================
Received Import Request.
  Time since last request: 12.485468 seconds.
  path: Assets/Scenes/Game/saikoro.prefab
  artifactKey: Guid(52de150870e278146ab7430bded065c9) Importer(815301076,1909f56bfc062723c751e8b465ee728b)
Start importing Assets/Scenes/Game/saikoro.prefab using Guid(52de150870e278146ab7430bded065c9) Importer(815301076,1909f56bfc062723c751e8b465ee728b)  -> (artifact id: '079c39cdbb21713ba35b76fb8f7d0023') in 0.028071 seconds
  Import took 0.031842 seconds .

========================================================================
Received Import Request.
  Time since last request: 57.253399 seconds.
  path: Assets/Scenes/Game/saikoro.prefab
  artifactKey: Guid(52de150870e278146ab7430bded065c9) Importer(815301076,1909f56bfc062723c751e8b465ee728b)
Start importing Assets/Scenes/Game/saikoro.prefab using Guid(52de150870e278146ab7430bded065c9) Importer(815301076,1909f56bfc062723c751e8b465ee728b)  -> (artifact id: '93303c8dfdf1da6790d1f44fbce0be50') in 0.021103 seconds
  Import took 0.026088 seconds .

========================================================================
Received Import Request.
  Time since last request: 12.271378 seconds.
  path: Assets/Scenes/Game/saikoro.prefab
  artifactKey: Guid(52de150870e278146ab7430bded065c9) Importer(815301076,1909f56bfc062723c751e8b465ee728b)
Start importing Assets/Scenes/Game/saikoro.prefab using Guid(52de150870e278146ab7430bded065c9) Importer(815301076,1909f56bfc062723c751e8b465ee728b)  -> (artifact id: '2d9c53bbbd1113068f398942ebdda406') in 0.021836 seconds
  Import took 0.025927 seconds .

========================================================================
Received Import Request.
  Time since last request: 10.455185 seconds.
  path: Assets/Scenes/Game/saikoro.prefab
  artifactKey: Guid(52de150870e278146ab7430bded065c9) Importer(815301076,1909f56bfc062723c751e8b465ee728b)
Start importing Assets/Scenes/Game/saikoro.prefab using Guid(52de150870e278146ab7430bded065c9) Importer(815301076,1909f56bfc062723c751e8b465ee728b)  -> (artifact id: 'f8a2d4d37787f7ce47834c0af7e5446e') in 0.022388 seconds
  Import took 0.027504 seconds .

========================================================================
Received Import Request.
  Time since last request: 3.603065 seconds.
  path: Assets/Scenes/Game/saikoro.prefab
  artifactKey: Guid(52de150870e278146ab7430bded065c9) Importer(815301076,1909f56bfc062723c751e8b465ee728b)
Start importing Assets/Scenes/Game/saikoro.prefab using Guid(52de150870e278146ab7430bded065c9) Importer(815301076,1909f56bfc062723c751e8b465ee728b)  -> (artifact id: '92c43cba8a00ddcc252e512d9ba91862') in 0.030117 seconds
  Import took 0.033364 seconds .

========================================================================
Received Import Request.
  Time since last request: 0.765681 seconds.
  path: Assets/Scenes/Game/saikoro.prefab
  artifactKey: Guid(52de150870e278146ab7430bded065c9) Importer(815301076,1909f56bfc062723c751e8b465ee728b)
Start importing Assets/Scenes/Game/saikoro.prefab using Guid(52de150870e278146ab7430bded065c9) Importer(815301076,1909f56bfc062723c751e8b465ee728b)  -> (artifact id: '0b26aaaa7d46e8fc397893cd844d9823') in 0.022115 seconds
  Import took 0.025110 seconds .

========================================================================
Received Import Request.
  Time since last request: 0.378590 seconds.
  path: Assets/Scenes/Game/saikoro.prefab
  artifactKey: Guid(52de150870e278146ab7430bded065c9) Importer(815301076,1909f56bfc062723c751e8b465ee728b)
Start importing Assets/Scenes/Game/saikoro.prefab using Guid(52de150870e278146ab7430bded065c9) Importer(815301076,1909f56bfc062723c751e8b465ee728b)  -> (artifact id: '5530da575de9dc9ed9ba1bb3f9a2d00d') in 0.026936 seconds
  Import took 0.030252 seconds .

========================================================================
Received Import Request.
  Time since last request: 6.431569 seconds.
  path: Assets/Scenes/Game/saikoro.prefab
  artifactKey: Guid(52de150870e278146ab7430bded065c9) Importer(815301076,1909f56bfc062723c751e8b465ee728b)
Start importing Assets/Scenes/Game/saikoro.prefab using Guid(52de150870e278146ab7430bded065c9) Importer(815301076,1909f56bfc062723c751e8b465ee728b)  -> (artifact id: 'cae310d3884a539270f736e68a7b8a47') in 0.021555 seconds
  Import took 0.024743 seconds .

========================================================================
Received Import Request.
  Time since last request: 7.644119 seconds.
  path: Assets/Scenes/Game/saikoro.prefab
  artifactKey: Guid(52de150870e278146ab7430bded065c9) Importer(815301076,1909f56bfc062723c751e8b465ee728b)
Start importing Assets/Scenes/Game/saikoro.prefab using Guid(52de150870e278146ab7430bded065c9) Importer(815301076,1909f56bfc062723c751e8b465ee728b)  -> (artifact id: 'f0293c2aca4edff25d115d57c8773201') in 0.021453 seconds
  Import took 0.025594 seconds .

========================================================================
Received Import Request.
  Time since last request: 3.403243 seconds.
  path: Assets/Scenes/Game/saikoro.prefab
  artifactKey: Guid(52de150870e278146ab7430bded065c9) Importer(815301076,1909f56bfc062723c751e8b465ee728b)
Start importing Assets/Scenes/Game/saikoro.prefab using Guid(52de150870e278146ab7430bded065c9) Importer(815301076,1909f56bfc062723c751e8b465ee728b)  -> (artifact id: '03f67b6fcc2080cd0eda8150c7ae1f3b') in 0.025023 seconds
  Import took 0.028192 seconds .

========================================================================
Received Import Request.
  Time since last request: 6.846103 seconds.
  path: Assets/Scenes/Game/saikoro.prefab
  artifactKey: Guid(52de150870e278146ab7430bded065c9) Importer(815301076,1909f56bfc062723c751e8b465ee728b)
Start importing Assets/Scenes/Game/saikoro.prefab using Guid(52de150870e278146ab7430bded065c9) Importer(815301076,1909f56bfc062723c751e8b465ee728b)  -> (artifact id: 'df5d19e6f4f2818d6f16cc6427c50ed9') in 0.022128 seconds
  Import took 0.026881 seconds .

========================================================================
Received Import Request.
  Time since last request: 7.083944 seconds.
  path: Assets/Scenes/Game/saikoro.prefab
  artifactKey: Guid(52de150870e278146ab7430bded065c9) Importer(815301076,1909f56bfc062723c751e8b465ee728b)
Start importing Assets/Scenes/Game/saikoro.prefab using Guid(52de150870e278146ab7430bded065c9) Importer(815301076,1909f56bfc062723c751e8b465ee728b)  -> (artifact id: 'e9492ddbb20fc8656bceb4f1ed4cd109') in 0.025321 seconds
  Import took 0.028241 seconds .

========================================================================
Received Import Request.
  Time since last request: 9.237804 seconds.
  path: Assets/Scenes/Game/saikoro.prefab
  artifactKey: Guid(52de150870e278146ab7430bded065c9) Importer(815301076,1909f56bfc062723c751e8b465ee728b)
Start importing Assets/Scenes/Game/saikoro.prefab using Guid(52de150870e278146ab7430bded065c9) Importer(815301076,1909f56bfc062723c751e8b465ee728b)  -> (artifact id: '219ffe656c22de8fd5ee19e9e8fa63af') in 0.023553 seconds
  Import took 0.026739 seconds .

========================================================================
Received Import Request.
  Time since last request: 29.852988 seconds.
  path: Assets/Scenes/Game/saikoro.prefab
  artifactKey: Guid(52de150870e278146ab7430bded065c9) Importer(815301076,1909f56bfc062723c751e8b465ee728b)
Start importing Assets/Scenes/Game/saikoro.prefab using Guid(52de150870e278146ab7430bded065c9) Importer(815301076,1909f56bfc062723c751e8b465ee728b)  -> (artifact id: '468ba75c70739db849431e175e1d14cd') in 0.022921 seconds
  Import took 0.026258 seconds .

========================================================================
Received Import Request.
  Time since last request: 3.625764 seconds.
  path: Assets/Scenes/Game/saikoro.prefab
  artifactKey: Guid(52de150870e278146ab7430bded065c9) Importer(815301076,1909f56bfc062723c751e8b465ee728b)
Start importing Assets/Scenes/Game/saikoro.prefab using Guid(52de150870e278146ab7430bded065c9) Importer(815301076,1909f56bfc062723c751e8b465ee728b)  -> (artifact id: '8c90e94a47bc5a66b6b6ddea03b1d376') in 0.021047 seconds
  Import took 0.024270 seconds .

========================================================================
Received Import Request.
  Time since last request: 10.734957 seconds.
  path: Assets/Scenes/Game/saikoro.prefab
  artifactKey: Guid(52de150870e278146ab7430bded065c9) Importer(815301076,1909f56bfc062723c751e8b465ee728b)
Start importing Assets/Scenes/Game/saikoro.prefab using Guid(52de150870e278146ab7430bded065c9) Importer(815301076,1909f56bfc062723c751e8b465ee728b)  -> (artifact id: 'cfe1a48d2c65ac7762946f2e4fde27e9') in 0.019855 seconds
  Import took 0.023349 seconds .

========================================================================
Received Import Request.
  Time since last request: 189.468787 seconds.
  path: Assets/Scenes/Game/DiceNumber.cs
  artifactKey: Guid(17f966802d1bad44cbcfd6fc57f7a41e) Importer(815301076,1909f56bfc062723c751e8b465ee728b)
Start importing Assets/Scenes/Game/DiceNumber.cs using Guid(17f966802d1bad44cbcfd6fc57f7a41e) Importer(815301076,1909f56bfc062723c751e8b465ee728b)  -> (artifact id: 'ccfdd59232ca31d2c4bbe847d60921a4') in 0.013057 seconds
  Import took 0.018609 seconds .

========================================================================
Received Prepare
Registering precompiled user dll's ...
Registered in 0.000698 seconds.
Begin MonoManager ReloadAssembly
Native extension for WindowsStandalone target not found
Refreshing native plugins compatible for Editor in 0.22 ms, found 0 plugins.
Preloading 0 native plugins for Editor in 0.00 ms.
Mono: successfully reloaded assembly
- Completed reload, in  1.002 seconds
Platform modules already initialized, skipping
Refreshing native plugins compatible for Editor in 0.20 ms, found 0 plugins.
Preloading 0 native plugins for Editor in 0.00 ms.
Unloading 1136 Unused Serialized files (Serialized files now loaded: 0)
System memory in use before: 61.1 MB.
System memory in use after: 61.2 MB.

Unloading 5 unused Assets to reduce memory usage. Loaded Objects now: 1609.
Total: 2.950400 ms (FindLiveObjects: 0.398900 ms CreateObjectMapping: 0.137600 ms MarkObjects: 2.231200 ms  DeleteObjects: 0.179700 ms)

========================================================================
Received Prepare
Registering precompiled user dll's ...
Registered in 0.001089 seconds.
Begin MonoManager ReloadAssembly
Native extension for WindowsStandalone target not found
Refreshing native plugins compatible for Editor in 0.37 ms, found 0 plugins.
Preloading 0 native plugins for Editor in 0.00 ms.
Mono: successfully reloaded assembly
- Completed reload, in  1.645 seconds
Platform modules already initialized, skipping
Refreshing native plugins compatible for Editor in 0.24 ms, found 0 plugins.
Preloading 0 native plugins for Editor in 0.00 ms.
Unloading 1136 Unused Serialized files (Serialized files now loaded: 0)
System memory in use before: 61.1 MB.
System memory in use after: 61.2 MB.

Unloading 5 unused Assets to reduce memory usage. Loaded Objects now: 1612.
Total: 1.633000 ms (FindLiveObjects: 0.190400 ms CreateObjectMapping: 0.057900 ms MarkObjects: 1.305900 ms  DeleteObjects: 0.077600 ms)

========================================================================
Received Import Request.
  Time since last request: 38.917808 seconds.
  path: Assets/Scenes/Game/DiceNumber.cs
  artifactKey: Guid(17f966802d1bad44cbcfd6fc57f7a41e) Importer(815301076,1909f56bfc062723c751e8b465ee728b)
Start importing Assets/Scenes/Game/DiceNumber.cs using Guid(17f966802d1bad44cbcfd6fc57f7a41e) Importer(815301076,1909f56bfc062723c751e8b465ee728b)  -> (artifact id: 'c8b6a9db62cebf1336f8d6792e6e65c0') in 0.007420 seconds
  Import took 0.016169 seconds .

========================================================================
Received Prepare
Registering precompiled user dll's ...
Registered in 0.001382 seconds.
Begin MonoManager ReloadAssembly
Native extension for WindowsStandalone target not found
Refreshing native plugins compatible for Editor in 0.28 ms, found 0 plugins.
Preloading 0 native plugins for Editor in 0.00 ms.
Mono: successfully reloaded assembly
- Completed reload, in  1.262 seconds
Platform modules already initialized, skipping
Refreshing native plugins compatible for Editor in 0.24 ms, found 0 plugins.
Preloading 0 native plugins for Editor in 0.00 ms.
Unloading 1136 Unused Serialized files (Serialized files now loaded: 0)
System memory in use before: 61.1 MB.
System memory in use after: 61.2 MB.

Unloading 5 unused Assets to reduce memory usage. Loaded Objects now: 1615.
Total: 1.836200 ms (FindLiveObjects: 0.227100 ms CreateObjectMapping: 0.075300 ms MarkObjects: 1.460600 ms  DeleteObjects: 0.072200 ms)

========================================================================
Received Prepare
Registering precompiled user dll's ...
Registered in 0.000941 seconds.
Begin MonoManager ReloadAssembly
Native extension for WindowsStandalone target not found
Refreshing native plugins compatible for Editor in 0.33 ms, found 0 plugins.
Preloading 0 native plugins for Editor in 0.00 ms.
Mono: successfully reloaded assembly
- Completed reload, in  1.427 seconds
Platform modules already initialized, skipping
Refreshing native plugins compatible for Editor in 0.53 ms, found 0 plugins.
Preloading 0 native plugins for Editor in 0.00 ms.
Unloading 1136 Unused Serialized files (Serialized files now loaded: 0)
System memory in use before: 61.1 MB.
System memory in use after: 61.2 MB.

Unloading 5 unused Assets to reduce memory usage. Loaded Objects now: 1618.
Total: 2.041000 ms (FindLiveObjects: 0.331600 ms CreateObjectMapping: 0.079100 ms MarkObjects: 1.541300 ms  DeleteObjects: 0.086500 ms)

========================================================================
Received Import Request.
  Time since last request: 140.937314 seconds.
  path: Assets/Scenes/Game/DiceNumber.cs
  artifactKey: Guid(17f966802d1bad44cbcfd6fc57f7a41e) Importer(815301076,1909f56bfc062723c751e8b465ee728b)
Start importing Assets/Scenes/Game/DiceNumber.cs using Guid(17f966802d1bad44cbcfd6fc57f7a41e) Importer(815301076,1909f56bfc062723c751e8b465ee728b)  -> (artifact id: '1b53e7dc29b595a33da035da208bfb51') in 0.008139 seconds
  Import took 0.011012 seconds .

========================================================================
Received Prepare
Registering precompiled user dll's ...
Registered in 0.001308 seconds.
Begin MonoManager ReloadAssembly
Native extension for WindowsStandalone target not found
Refreshing native plugins compatible for Editor in 0.31 ms, found 0 plugins.
Preloading 0 native plugins for Editor in 0.00 ms.
Mono: successfully reloaded assembly
- Completed reload, in  1.270 seconds
Platform modules already initialized, skipping
Refreshing native plugins compatible for Editor in 0.28 ms, found 0 plugins.
Preloading 0 native plugins for Editor in 0.00 ms.
Unloading 1136 Unused Serialized files (Serialized files now loaded: 0)
System memory in use before: 61.1 MB.
System memory in use after: 61.2 MB.

Unloading 5 unused Assets to reduce memory usage. Loaded Objects now: 1621.
Total: 3.513800 ms (FindLiveObjects: 0.129200 ms CreateObjectMapping: 0.039800 ms MarkObjects: 3.208500 ms  DeleteObjects: 0.134000 ms)

========================================================================
Received Import Request.
  Time since last request: 127.086805 seconds.
  path: Assets/Scenes/Game/saikoro.prefab
  artifactKey: Guid(52de150870e278146ab7430bded065c9) Importer(815301076,1909f56bfc062723c751e8b465ee728b)
Start importing Assets/Scenes/Game/saikoro.prefab using Guid(52de150870e278146ab7430bded065c9) Importer(815301076,1909f56bfc062723c751e8b465ee728b)  -> (artifact id: '4af28d989ebf064e6eda59dc218b4ccc') in 0.078104 seconds
  Import took 0.082782 seconds .

========================================================================
Received Import Request.
  Time since last request: 6.574838 seconds.
  path: Assets/Scenes/Game/saikoro.prefab
  artifactKey: Guid(52de150870e278146ab7430bded065c9) Importer(815301076,1909f56bfc062723c751e8b465ee728b)
Start importing Assets/Scenes/Game/saikoro.prefab using Guid(52de150870e278146ab7430bded065c9) Importer(815301076,1909f56bfc062723c751e8b465ee728b)  -> (artifact id: '88bba209603ac51bb64089809a0ad54d') in 0.024175 seconds
  Import took 0.027580 seconds .

========================================================================
Received Prepare
Registering precompiled user dll's ...
Registered in 0.019846 seconds.
Begin MonoManager ReloadAssembly
Native extension for WindowsStandalone target not found
Refreshing native plugins compatible for Editor in 0.21 ms, found 0 plugins.
Preloading 0 native plugins for Editor in 0.00 ms.
Mono: successfully reloaded assembly
- Completed reload, in  1.003 seconds
Platform modules already initialized, skipping
Refreshing native plugins compatible for Editor in 0.21 ms, found 0 plugins.
Preloading 0 native plugins for Editor in 0.00 ms.
Unloading 1136 Unused Serialized files (Serialized files now loaded: 0)
System memory in use before: 61.1 MB.
System memory in use after: 61.2 MB.

Unloading 5 unused Assets to reduce memory usage. Loaded Objects now: 1625.
Total: 2.013000 ms (FindLiveObjects: 0.243200 ms CreateObjectMapping: 0.043800 ms MarkObjects: 1.662900 ms  DeleteObjects: 0.061200 ms)

========================================================================
Received Import Request.
  Time since last request: 464.896332 seconds.
  path: Assets/Scenes/Game/Dice.cs
  artifactKey: Guid(37efa8dd934bcb244a5111b84a451e13) Importer(815301076,1909f56bfc062723c751e8b465ee728b)
Start importing Assets/Scenes/Game/Dice.cs using Guid(37efa8dd934bcb244a5111b84a451e13) Importer(815301076,1909f56bfc062723c751e8b465ee728b)  -> (artifact id: '7613ae5d8a555528f5c1dcb4069abafc') in 0.013411 seconds
  Import took 0.017748 seconds .

========================================================================
Received Import Request.
  Time since last request: 0.023514 seconds.
  path: Assets/Scenes/Game/Dice.cs
  artifactKey: Guid(37efa8dd934bcb244a5111b84a451e13) Importer(815301076,1909f56bfc062723c751e8b465ee728b)
Start importing Assets/Scenes/Game/Dice.cs using Guid(37efa8dd934bcb244a5111b84a451e13) Importer(815301076,1909f56bfc062723c751e8b465ee728b)  -> (artifact id: '7613ae5d8a555528f5c1dcb4069abafc') in 0.009228 seconds
  Import took 0.012897 seconds .

========================================================================
Received Prepare
Registering precompiled user dll's ...
Registered in 0.000781 seconds.
Begin MonoManager ReloadAssembly
Native extension for WindowsStandalone target not found
Refreshing native plugins compatible for Editor in 0.43 ms, found 0 plugins.
Preloading 0 native plugins for Editor in 0.00 ms.
Mono: successfully reloaded assembly
- Completed reload, in  1.280 seconds
Platform modules already initialized, skipping
Refreshing native plugins compatible for Editor in 0.36 ms, found 0 plugins.
Preloading 0 native plugins for Editor in 0.00 ms.
Unloading 1137 Unused Serialized files (Serialized files now loaded: 0)
System memory in use before: 61.2 MB.
System memory in use after: 61.2 MB.

Unloading 5 unused Assets to reduce memory usage. Loaded Objects now: 1629.
Total: 2.521100 ms (FindLiveObjects: 0.286200 ms CreateObjectMapping: 0.065600 ms MarkObjects: 2.055400 ms  DeleteObjects: 0.110800 ms)

========================================================================
Received Prepare
Registering precompiled user dll's ...
Registered in 0.003653 seconds.
Begin MonoManager ReloadAssembly
Native extension for WindowsStandalone target not found
Refreshing native plugins compatible for Editor in 0.28 ms, found 0 plugins.
Preloading 0 native plugins for Editor in 0.00 ms.
Mono: successfully reloaded assembly
- Completed reload, in  1.524 seconds
Platform modules already initialized, skipping
Refreshing native plugins compatible for Editor in 0.19 ms, found 0 plugins.
Preloading 0 native plugins for Editor in 0.00 ms.
Unloading 1137 Unused Serialized files (Serialized files now loaded: 0)
System memory in use before: 61.2 MB.
System memory in use after: 61.2 MB.

Unloading 5 unused Assets to reduce memory usage. Loaded Objects now: 1632.
Total: 2.586000 ms (FindLiveObjects: 0.411300 ms CreateObjectMapping: 0.148400 ms MarkObjects: 1.959800 ms  DeleteObjects: 0.062400 ms)

========================================================================
Received Import Request.
  Time since last request: 417.005110 seconds.
  path: Assets/Scenes/Game/Dice.cs
  artifactKey: Guid(37efa8dd934bcb244a5111b84a451e13) Importer(815301076,1909f56bfc062723c751e8b465ee728b)
Start importing Assets/Scenes/Game/Dice.cs using Guid(37efa8dd934bcb244a5111b84a451e13) Importer(815301076,1909f56bfc062723c751e8b465ee728b)  -> (artifact id: 'd7019b338326826008641608de9e966c') in 0.014910 seconds
  Import took 0.027785 seconds .

========================================================================
Received Import Request.
  Time since last request: 152.659098 seconds.
  path: Assets/Scenes/Game/DiceThrow.cs
  artifactKey: Guid(ae54f3987e7134e41932e7d048314056) Importer(815301076,1909f56bfc062723c751e8b465ee728b)
Start importing Assets/Scenes/Game/DiceThrow.cs using Guid(ae54f3987e7134e41932e7d048314056) Importer(815301076,1909f56bfc062723c751e8b465ee728b)  -> (artifact id: '0c176f67923acbc3f11d0c576a1ddd5b') in 0.003284 seconds
  Import took 0.009198 seconds .

========================================================================
Received Prepare
Registering precompiled user dll's ...
Registered in 0.001086 seconds.
Begin MonoManager ReloadAssembly
Native extension for WindowsStandalone target not found
Refreshing native plugins compatible for Editor in 0.55 ms, found 0 plugins.
Preloading 0 native plugins for Editor in 0.00 ms.
Mono: successfully reloaded assembly
- Completed reload, in  1.415 seconds
Platform modules already initialized, skipping
Refreshing native plugins compatible for Editor in 0.19 ms, found 0 plugins.
Preloading 0 native plugins for Editor in 0.00 ms.
Unloading 1137 Unused Serialized files (Serialized files now loaded: 0)
System memory in use before: 61.2 MB.
System memory in use after: 61.2 MB.

Unloading 5 unused Assets to reduce memory usage. Loaded Objects now: 1635.
Total: 1.981000 ms (FindLiveObjects: 0.251600 ms CreateObjectMapping: 0.063100 ms MarkObjects: 1.593100 ms  DeleteObjects: 0.070000 ms)

========================================================================
Received Prepare
Registering precompiled user dll's ...
Registered in 0.000973 seconds.
Begin MonoManager ReloadAssembly
Native extension for WindowsStandalone target not found
Refreshing native plugins compatible for Editor in 0.28 ms, found 0 plugins.
Preloading 0 native plugins for Editor in 0.00 ms.
Mono: successfully reloaded assembly
- Completed reload, in  1.488 seconds
Platform modules already initialized, skipping
Refreshing native plugins compatible for Editor in 0.33 ms, found 0 plugins.
Preloading 0 native plugins for Editor in 0.00 ms.
Unloading 1137 Unused Serialized files (Serialized files now loaded: 0)
System memory in use before: 61.2 MB.
System memory in use after: 61.3 MB.

Unloading 5 unused Assets to reduce memory usage. Loaded Objects now: 1638.
Total: 3.638400 ms (FindLiveObjects: 0.291300 ms CreateObjectMapping: 0.051100 ms MarkObjects: 3.191600 ms  DeleteObjects: 0.101400 ms)

========================================================================
Received Prepare
Registering precompiled user dll's ...
Registered in 0.001320 seconds.
Begin MonoManager ReloadAssembly
Native extension for WindowsStandalone target not found
Refreshing native plugins compatible for Editor in 0.20 ms, found 0 plugins.
Preloading 0 native plugins for Editor in 0.00 ms.
Mono: successfully reloaded assembly
- Completed reload, in  0.967 seconds
Platform modules already initialized, skipping
Refreshing native plugins compatible for Editor in 0.21 ms, found 0 plugins.
Preloading 0 native plugins for Editor in 0.00 ms.
Unloading 1137 Unused Serialized files (Serialized files now loaded: 0)
System memory in use before: 61.2 MB.
System memory in use after: 61.3 MB.

Unloading 5 unused Assets to reduce memory usage. Loaded Objects now: 1641.
Total: 2.915100 ms (FindLiveObjects: 0.273600 ms CreateObjectMapping: 0.059900 ms MarkObjects: 2.474800 ms  DeleteObjects: 0.103900 ms)

========================================================================
Received Prepare
Registering precompiled user dll's ...
Registered in 0.001132 seconds.
Begin MonoManager ReloadAssembly
Native extension for WindowsStandalone target not found
Refreshing native plugins compatible for Editor in 0.47 ms, found 0 plugins.
Preloading 0 native plugins for Editor in 0.00 ms.
Mono: successfully reloaded assembly
- Completed reload, in  1.398 seconds
Platform modules already initialized, skipping
Refreshing native plugins compatible for Editor in 0.49 ms, found 0 plugins.
Preloading 0 native plugins for Editor in 0.00 ms.
Unloading 1137 Unused Serialized files (Serialized files now loaded: 0)
System memory in use before: 61.2 MB.
System memory in use after: 61.3 MB.

Unloading 5 unused Assets to reduce memory usage. Loaded Objects now: 1644.
Total: 2.651300 ms (FindLiveObjects: 0.347700 ms CreateObjectMapping: 0.089800 ms MarkObjects: 2.134600 ms  DeleteObjects: 0.075200 ms)

========================================================================
Received Prepare
Registering precompiled user dll's ...
Registered in 0.001075 seconds.
Begin MonoManager ReloadAssembly
Native extension for WindowsStandalone target not found
Refreshing native plugins compatible for Editor in 0.23 ms, found 0 plugins.
Preloading 0 native plugins for Editor in 0.00 ms.
Mono: successfully reloaded assembly
- Completed reload, in  0.918 seconds
Platform modules already initialized, skipping
Refreshing native plugins compatible for Editor in 0.20 ms, found 0 plugins.
Preloading 0 native plugins for Editor in 0.00 ms.
Unloading 1137 Unused Serialized files (Serialized files now loaded: 0)
System memory in use before: 61.2 MB.
System memory in use after: 61.3 MB.

Unloading 5 unused Assets to reduce memory usage. Loaded Objects now: 1647.
Total: 1.889600 ms (FindLiveObjects: 0.337300 ms CreateObjectMapping: 0.078400 ms MarkObjects: 1.406600 ms  DeleteObjects: 0.064100 ms)

========================================================================
Received Prepare
Registering precompiled user dll's ...
Registered in 0.000728 seconds.
Begin MonoManager ReloadAssembly
Native extension for WindowsStandalone target not found
Refreshing native plugins compatible for Editor in 0.18 ms, found 0 plugins.
Preloading 0 native plugins for Editor in 0.00 ms.
Mono: successfully reloaded assembly
- Completed reload, in  1.049 seconds
Platform modules already initialized, skipping
Refreshing native plugins compatible for Editor in 0.19 ms, found 0 plugins.
Preloading 0 native plugins for Editor in 0.00 ms.
Unloading 1137 Unused Serialized files (Serialized files now loaded: 0)
System memory in use before: 61.2 MB.
System memory in use after: 61.3 MB.

Unloading 5 unused Assets to reduce memory usage. Loaded Objects now: 1650.
Total: 1.747200 ms (FindLiveObjects: 0.290500 ms CreateObjectMapping: 0.044500 ms MarkObjects: 1.340500 ms  DeleteObjects: 0.069600 ms)

========================================================================
Received Prepare
Registering precompiled user dll's ...
Registered in 0.000787 seconds.
Begin MonoManager ReloadAssembly
Native extension for WindowsStandalone target not found
Refreshing native plugins compatible for Editor in 0.20 ms, found 0 plugins.
Preloading 0 native plugins for Editor in 0.00 ms.
Mono: successfully reloaded assembly
- Completed reload, in  1.221 seconds
Platform modules already initialized, skipping
Refreshing native plugins compatible for Editor in 0.31 ms, found 0 plugins.
Preloading 0 native plugins for Editor in 0.00 ms.
Unloading 1137 Unused Serialized files (Serialized files now loaded: 0)
System memory in use before: 61.2 MB.
System memory in use after: 61.3 MB.

Unloading 5 unused Assets to reduce memory usage. Loaded Objects now: 1653.
Total: 2.553100 ms (FindLiveObjects: 0.364700 ms CreateObjectMapping: 0.084500 ms MarkObjects: 2.045200 ms  DeleteObjects: 0.056200 ms)

========================================================================
Received Prepare
Registering precompiled user dll's ...
Registered in 0.001054 seconds.
Begin MonoManager ReloadAssembly
Native extension for WindowsStandalone target not found
Refreshing native plugins compatible for Editor in 0.32 ms, found 0 plugins.
Preloading 0 native plugins for Editor in 0.00 ms.
Mono: successfully reloaded assembly
- Completed reload, in  1.539 seconds
Platform modules already initialized, skipping
Refreshing native plugins compatible for Editor in 0.20 ms, found 0 plugins.
Preloading 0 native plugins for Editor in 0.00 ms.
Unloading 1137 Unused Serialized files (Serialized files now loaded: 0)
System memory in use before: 61.2 MB.
System memory in use after: 61.3 MB.

Unloading 5 unused Assets to reduce memory usage. Loaded Objects now: 1656.
Total: 1.787500 ms (FindLiveObjects: 0.187600 ms CreateObjectMapping: 0.067600 ms MarkObjects: 1.452100 ms  DeleteObjects: 0.078100 ms)

========================================================================
Received Prepare
Registering precompiled user dll's ...
Registered in 0.001086 seconds.
Begin MonoManager ReloadAssembly
Native extension for WindowsStandalone target not found
Refreshing native plugins compatible for Editor in 0.26 ms, found 0 plugins.
Preloading 0 native plugins for Editor in 0.00 ms.
Mono: successfully reloaded assembly
- Completed reload, in  1.172 seconds
Platform modules already initialized, skipping
Refreshing native plugins compatible for Editor in 0.26 ms, found 0 plugins.
Preloading 0 native plugins for Editor in 0.00 ms.
Unloading 1137 Unused Serialized files (Serialized files now loaded: 0)
System memory in use before: 61.2 MB.
System memory in use after: 61.3 MB.

Unloading 5 unused Assets to reduce memory usage. Loaded Objects now: 1659.
Total: 3.159300 ms (FindLiveObjects: 0.395300 ms CreateObjectMapping: 0.087900 ms MarkObjects: 2.551400 ms  DeleteObjects: 0.122900 ms)

========================================================================
Received Prepare
Registering precompiled user dll's ...
Registered in 0.001541 seconds.
Begin MonoManager ReloadAssembly
Native extension for WindowsStandalone target not found
Refreshing native plugins compatible for Editor in 0.19 ms, found 0 plugins.
Preloading 0 native plugins for Editor in 0.00 ms.
Mono: successfully reloaded assembly
- Completed reload, in  1.184 seconds
Platform modules already initialized, skipping
Refreshing native plugins compatible for Editor in 0.21 ms, found 0 plugins.
Preloading 0 native plugins for Editor in 0.00 ms.
Unloading 1137 Unused Serialized files (Serialized files now loaded: 0)
System memory in use before: 61.2 MB.
System memory in use after: 61.3 MB.

Unloading 5 unused Assets to reduce memory usage. Loaded Objects now: 1662.
Total: 2.841600 ms (FindLiveObjects: 0.267300 ms CreateObjectMapping: 0.056500 ms MarkObjects: 2.455500 ms  DeleteObjects: 0.060300 ms)

========================================================================
Received Prepare
Registering precompiled user dll's ...
Registered in 0.001213 seconds.
Begin MonoManager ReloadAssembly
Native extension for WindowsStandalone target not found
Refreshing native plugins compatible for Editor in 0.26 ms, found 0 plugins.
Preloading 0 native plugins for Editor in 0.00 ms.
Mono: successfully reloaded assembly
- Completed reload, in  1.493 seconds
Platform modules already initialized, skipping
Refreshing native plugins compatible for Editor in 0.20 ms, found 0 plugins.
Preloading 0 native plugins for Editor in 0.00 ms.
Unloading 1137 Unused Serialized files (Serialized files now loaded: 0)
System memory in use before: 61.2 MB.
System memory in use after: 61.3 MB.

Unloading 5 unused Assets to reduce memory usage. Loaded Objects now: 1665.
Total: 1.923600 ms (FindLiveObjects: 0.288100 ms CreateObjectMapping: 0.104400 ms MarkObjects: 1.450700 ms  DeleteObjects: 0.065500 ms)

========================================================================
Received Prepare
Registering precompiled user dll's ...
Registered in 0.000830 seconds.
Begin MonoManager ReloadAssembly
Native extension for WindowsStandalone target not found
Refreshing native plugins compatible for Editor in 0.23 ms, found 0 plugins.
Preloading 0 native plugins for Editor in 0.00 ms.
Mono: successfully reloaded assembly
- Completed reload, in  1.096 seconds
Platform modules already initialized, skipping
Refreshing native plugins compatible for Editor in 0.43 ms, found 0 plugins.
Preloading 0 native plugins for Editor in 0.00 ms.
Unloading 1137 Unused Serialized files (Serialized files now loaded: 0)
System memory in use before: 61.2 MB.
System memory in use after: 61.3 MB.

Unloading 5 unused Assets to reduce memory usage. Loaded Objects now: 1668.
Total: 3.075300 ms (FindLiveObjects: 0.270800 ms CreateObjectMapping: 0.047300 ms MarkObjects: 2.644200 ms  DeleteObjects: 0.110300 ms)

========================================================================
Received Prepare
Registering precompiled user dll's ...
Registered in 0.001453 seconds.
Begin MonoManager ReloadAssembly
Native extension for WindowsStandalone target not found
Refreshing native plugins compatible for Editor in 0.31 ms, found 0 plugins.
Preloading 0 native plugins for Editor in 0.00 ms.
Mono: successfully reloaded assembly
- Completed reload, in  1.495 seconds
Platform modules already initialized, skipping
Refreshing native plugins compatible for Editor in 0.35 ms, found 0 plugins.
Preloading 0 native plugins for Editor in 0.00 ms.
Unloading 1137 Unused Serialized files (Serialized files now loaded: 0)
System memory in use before: 61.2 MB.
System memory in use after: 61.3 MB.

Unloading 5 unused Assets to reduce memory usage. Loaded Objects now: 1671.
Total: 3.371500 ms (FindLiveObjects: 0.228200 ms CreateObjectMapping: 0.108100 ms MarkObjects: 2.862500 ms  DeleteObjects: 0.170300 ms)

========================================================================
Received Prepare
Registering precompiled user dll's ...
Registered in 0.001610 seconds.
Begin MonoManager ReloadAssembly
Native extension for WindowsStandalone target not found
Refreshing native plugins compatible for Editor in 0.28 ms, found 0 plugins.
Preloading 0 native plugins for Editor in 0.00 ms.
Mono: successfully reloaded assembly
- Completed reload, in  1.539 seconds
Platform modules already initialized, skipping
Refreshing native plugins compatible for Editor in 0.22 ms, found 0 plugins.
Preloading 0 native plugins for Editor in 0.00 ms.
Unloading 1137 Unused Serialized files (Serialized files now loaded: 0)
System memory in use before: 61.3 MB.
System memory in use after: 61.3 MB.

Unloading 5 unused Assets to reduce memory usage. Loaded Objects now: 1674.
Total: 2.166500 ms (FindLiveObjects: 0.162200 ms CreateObjectMapping: 0.038900 ms MarkObjects: 1.860800 ms  DeleteObjects: 0.102900 ms)

========================================================================
Received Prepare
Registering precompiled user dll's ...
Registered in 0.001434 seconds.
Begin MonoManager ReloadAssembly
Native extension for WindowsStandalone target not found
Refreshing native plugins compatible for Editor in 0.26 ms, found 0 plugins.
Preloading 0 native plugins for Editor in 0.00 ms.
Mono: successfully reloaded assembly
- Completed reload, in  1.355 seconds
Platform modules already initialized, skipping
Refreshing native plugins compatible for Editor in 0.28 ms, found 0 plugins.
Preloading 0 native plugins for Editor in 0.00 ms.
Unloading 1137 Unused Serialized files (Serialized files now loaded: 0)
System memory in use before: 61.3 MB.
System memory in use after: 61.3 MB.

Unloading 5 unused Assets to reduce memory usage. Loaded Objects now: 1677.
Total: 3.282800 ms (FindLiveObjects: 0.544300 ms CreateObjectMapping: 0.098400 ms MarkObjects: 2.495800 ms  DeleteObjects: 0.141800 ms)

========================================================================
Received Prepare
Registering precompiled user dll's ...
Registered in 0.000988 seconds.
Begin MonoManager ReloadAssembly
Native extension for WindowsStandalone target not found
Refreshing native plugins compatible for Editor in 0.22 ms, found 0 plugins.
Preloading 0 native plugins for Editor in 0.00 ms.
Mono: successfully reloaded assembly
- Completed reload, in  1.236 seconds
Platform modules already initialized, skipping
Refreshing native plugins compatible for Editor in 0.45 ms, found 0 plugins.
Preloading 0 native plugins for Editor in 0.00 ms.
Unloading 1137 Unused Serialized files (Serialized files now loaded: 0)
System memory in use before: 61.3 MB.
System memory in use after: 61.3 MB.

Unloading 5 unused Assets to reduce memory usage. Loaded Objects now: 1680.
Total: 2.107200 ms (FindLiveObjects: 0.238600 ms CreateObjectMapping: 0.141700 ms MarkObjects: 1.623100 ms  DeleteObjects: 0.101900 ms)

========================================================================
Received Prepare
Registering precompiled user dll's ...
Registered in 0.001098 seconds.
Begin MonoManager ReloadAssembly
Native extension for WindowsStandalone target not found
Refreshing native plugins compatible for Editor in 0.26 ms, found 0 plugins.
Preloading 0 native plugins for Editor in 0.00 ms.
Mono: successfully reloaded assembly
- Completed reload, in  1.600 seconds
Platform modules already initialized, skipping
Refreshing native plugins compatible for Editor in 0.19 ms, found 0 plugins.
Preloading 0 native plugins for Editor in 0.00 ms.
Unloading 1137 Unused Serialized files (Serialized files now loaded: 0)
System memory in use before: 61.3 MB.
System memory in use after: 61.3 MB.

Unloading 5 unused Assets to reduce memory usage. Loaded Objects now: 1683.
Total: 2.538900 ms (FindLiveObjects: 0.314600 ms CreateObjectMapping: 0.057200 ms MarkObjects: 2.086500 ms  DeleteObjects: 0.078500 ms)

========================================================================
Received Import Request.
  Time since last request: 4631.066775 seconds.
  path: Assets/Scenes/Game/DiceDelete.cs
  artifactKey: Guid(1802d2509f3c2174c841973af6ebba4d) Importer(815301076,1909f56bfc062723c751e8b465ee728b)
Start importing Assets/Scenes/Game/DiceDelete.cs using Guid(1802d2509f3c2174c841973af6ebba4d) Importer(815301076,1909f56bfc062723c751e8b465ee728b)  -> (artifact id: 'c1c2bf461e5932909be660768abc62b9') in 0.015440 seconds
  Import took 0.019602 seconds .

========================================================================
Received Prepare
Registering precompiled user dll's ...
Registered in 0.000865 seconds.
Begin MonoManager ReloadAssembly
Native extension for WindowsStandalone target not found
Refreshing native plugins compatible for Editor in 0.25 ms, found 0 plugins.
Preloading 0 native plugins for Editor in 0.00 ms.
Mono: successfully reloaded assembly
- Completed reload, in  0.832 seconds
Platform modules already initialized, skipping
Refreshing native plugins compatible for Editor in 0.20 ms, found 0 plugins.
Preloading 0 native plugins for Editor in 0.00 ms.
Unloading 1135 Unused Serialized files (Serialized files now loaded: 0)
System memory in use before: 61.2 MB.
System memory in use after: 61.3 MB.

Unloading 7 unused Assets to reduce memory usage. Loaded Objects now: 1684.
Total: 2.987900 ms (FindLiveObjects: 0.213000 ms CreateObjectMapping: 0.118000 ms MarkObjects: 2.582400 ms  DeleteObjects: 0.071900 ms)

========================================================================
Received Import Request.
  Time since last request: 16.480264 seconds.
  path: Assets/Scenes/Game/saikoro.prefab
  artifactKey: Guid(52de150870e278146ab7430bded065c9) Importer(815301076,1909f56bfc062723c751e8b465ee728b)
Start importing Assets/Scenes/Game/saikoro.prefab using Guid(52de150870e278146ab7430bded065c9) Importer(815301076,1909f56bfc062723c751e8b465ee728b)  -> (artifact id: 'b199a49a35d806dc3cd134b2c60dc1f1') in 0.078650 seconds
  Import took 0.081680 seconds .

========================================================================
Received Prepare
Registering precompiled user dll's ...
Registered in 0.001039 seconds.
Begin MonoManager ReloadAssembly
Native extension for WindowsStandalone target not found
Refreshing native plugins compatible for Editor in 0.22 ms, found 0 plugins.
Preloading 0 native plugins for Editor in 0.00 ms.
Mono: successfully reloaded assembly
- Completed reload, in  1.072 seconds
Platform modules already initialized, skipping
Refreshing native plugins compatible for Editor in 0.55 ms, found 0 plugins.
Preloading 0 native plugins for Editor in 0.00 ms.
Unloading 1135 Unused Serialized files (Serialized files now loaded: 0)
System memory in use before: 61.2 MB.
System memory in use after: 61.3 MB.

Unloading 5 unused Assets to reduce memory usage. Loaded Objects now: 1688.
Total: 1.679900 ms (FindLiveObjects: 0.178600 ms CreateObjectMapping: 0.063900 ms MarkObjects: 1.298800 ms  DeleteObjects: 0.137100 ms)

========================================================================
Received Prepare
Registering precompiled user dll's ...
Registered in 0.001072 seconds.
Begin MonoManager ReloadAssembly
Native extension for WindowsStandalone target not found
Refreshing native plugins compatible for Editor in 0.27 ms, found 0 plugins.
Preloading 0 native plugins for Editor in 0.00 ms.
Mono: successfully reloaded assembly
- Completed reload, in  1.627 seconds
Platform modules already initialized, skipping
Refreshing native plugins compatible for Editor in 0.19 ms, found 0 plugins.
Preloading 0 native plugins for Editor in 0.00 ms.
Unloading 1135 Unused Serialized files (Serialized files now loaded: 0)
System memory in use before: 61.2 MB.
System memory in use after: 61.3 MB.

Unloading 5 unused Assets to reduce memory usage. Loaded Objects now: 1691.
Total: 2.656100 ms (FindLiveObjects: 0.203600 ms CreateObjectMapping: 0.085900 ms MarkObjects: 2.283500 ms  DeleteObjects: 0.080600 ms)

========================================================================
Received Prepare
Registering precompiled user dll's ...
Registered in 0.001052 seconds.
Begin MonoManager ReloadAssembly
Native extension for WindowsStandalone target not found
Refreshing native plugins compatible for Editor in 0.30 ms, found 0 plugins.
Preloading 0 native plugins for Editor in 0.00 ms.
Mono: successfully reloaded assembly
- Completed reload, in  1.733 seconds
Platform modules already initialized, skipping
Refreshing native plugins compatible for Editor in 0.22 ms, found 0 plugins.
Preloading 0 native plugins for Editor in 0.00 ms.
Unloading 1135 Unused Serialized files (Serialized files now loaded: 0)
System memory in use before: 61.3 MB.
System memory in use after: 61.3 MB.

Unloading 5 unused Assets to reduce memory usage. Loaded Objects now: 1694.
Total: 2.134200 ms (FindLiveObjects: 0.326800 ms CreateObjectMapping: 0.043100 ms MarkObjects: 1.675200 ms  DeleteObjects: 0.085400 ms)

========================================================================
Received Prepare
Registering precompiled user dll's ...
Registered in 0.001221 seconds.
Begin MonoManager ReloadAssembly
Native extension for WindowsStandalone target not found
Refreshing native plugins compatible for Editor in 0.25 ms, found 0 plugins.
Preloading 0 native plugins for Editor in 0.00 ms.
Mono: successfully reloaded assembly
- Completed reload, in  1.110 seconds
Platform modules already initialized, skipping
Refreshing native plugins compatible for Editor in 0.40 ms, found 0 plugins.
Preloading 0 native plugins for Editor in 0.00 ms.
Unloading 1135 Unused Serialized files (Serialized files now loaded: 0)
System memory in use before: 61.3 MB.
System memory in use after: 61.3 MB.

Unloading 5 unused Assets to reduce memory usage. Loaded Objects now: 1697.
Total: 2.112300 ms (FindLiveObjects: 0.307200 ms CreateObjectMapping: 0.076500 ms MarkObjects: 1.606800 ms  DeleteObjects: 0.119100 ms)

========================================================================
Received Prepare
Registering precompiled user dll's ...
Registered in 0.001046 seconds.
Begin MonoManager ReloadAssembly
Native extension for WindowsStandalone target not found
Refreshing native plugins compatible for Editor in 0.35 ms, found 0 plugins.
Preloading 0 native plugins for Editor in 0.00 ms.
Mono: successfully reloaded assembly
- Completed reload, in  1.462 seconds
Platform modules already initialized, skipping
Refreshing native plugins compatible for Editor in 0.51 ms, found 0 plugins.
Preloading 0 native plugins for Editor in 0.00 ms.
Unloading 1135 Unused Serialized files (Serialized files now loaded: 0)
System memory in use before: 61.3 MB.
System memory in use after: 61.3 MB.

Unloading 5 unused Assets to reduce memory usage. Loaded Objects now: 1700.
Total: 1.926500 ms (FindLiveObjects: 0.197800 ms CreateObjectMapping: 0.038000 ms MarkObjects: 1.595900 ms  DeleteObjects: 0.092900 ms)

========================================================================
Received Prepare
Registering precompiled user dll's ...
Registered in 0.001434 seconds.
Begin MonoManager ReloadAssembly
Native extension for WindowsStandalone target not found
Refreshing native plugins compatible for Editor in 0.30 ms, found 0 plugins.
Preloading 0 native plugins for Editor in 0.00 ms.
Mono: successfully reloaded assembly
- Completed reload, in  1.634 seconds
Platform modules already initialized, skipping
Refreshing native plugins compatible for Editor in 0.21 ms, found 0 plugins.
Preloading 0 native plugins for Editor in 0.00 ms.
Unloading 1135 Unused Serialized files (Serialized files now loaded: 0)
System memory in use before: 61.3 MB.
System memory in use after: 61.3 MB.

Unloading 5 unused Assets to reduce memory usage. Loaded Objects now: 1703.
Total: 2.507300 ms (FindLiveObjects: 0.381700 ms CreateObjectMapping: 0.090800 ms MarkObjects: 1.954100 ms  DeleteObjects: 0.078400 ms)

========================================================================
Received Prepare
Registering precompiled user dll's ...
Registered in 0.001150 seconds.
Begin MonoManager ReloadAssembly
Native extension for WindowsStandalone target not found
Refreshing native plugins compatible for Editor in 0.54 ms, found 0 plugins.
Preloading 0 native plugins for Editor in 0.00 ms.
Mono: successfully reloaded assembly
- Completed reload, in  1.595 seconds
Platform modules already initialized, skipping
Refreshing native plugins compatible for Editor in 0.32 ms, found 0 plugins.
Preloading 0 native plugins for Editor in 0.00 ms.
Unloading 1135 Unused Serialized files (Serialized files now loaded: 0)
System memory in use before: 61.3 MB.
System memory in use after: 61.3 MB.

Unloading 5 unused Assets to reduce memory usage. Loaded Objects now: 1706.
Total: 3.995600 ms (FindLiveObjects: 0.283900 ms CreateObjectMapping: 0.098000 ms MarkObjects: 3.477300 ms  DeleteObjects: 0.133100 ms)

========================================================================
Received Prepare
Registering precompiled user dll's ...
Registered in 0.001859 seconds.
Begin MonoManager ReloadAssembly
Native extension for WindowsStandalone target not found
Refreshing native plugins compatible for Editor in 0.26 ms, found 0 plugins.
Preloading 0 native plugins for Editor in 0.00 ms.
Mono: successfully reloaded assembly
- Completed reload, in  1.625 seconds
Platform modules already initialized, skipping
Refreshing native plugins compatible for Editor in 0.37 ms, found 0 plugins.
Preloading 0 native plugins for Editor in 0.00 ms.
Unloading 1135 Unused Serialized files (Serialized files now loaded: 0)
System memory in use before: 61.3 MB.
System memory in use after: 61.4 MB.

Unloading 5 unused Assets to reduce memory usage. Loaded Objects now: 1709.
Total: 3.659400 ms (FindLiveObjects: 0.354900 ms CreateObjectMapping: 0.058000 ms MarkObjects: 3.172200 ms  DeleteObjects: 0.072700 ms)

========================================================================
Received Import Request.
  Time since last request: 1896.165602 seconds.
  path: Assets/Scenes/Game/DiceDelete.cs
  artifactKey: Guid(1802d2509f3c2174c841973af6ebba4d) Importer(815301076,1909f56bfc062723c751e8b465ee728b)
Start importing Assets/Scenes/Game/DiceDelete.cs using Guid(1802d2509f3c2174c841973af6ebba4d) Importer(815301076,1909f56bfc062723c751e8b465ee728b)  -> (artifact id: '72e8a195de6141b1708ad9aaa69ad39a') in 0.008101 seconds
  Import took 0.010738 seconds .

========================================================================
Received Import Request.
  Time since last request: 0.031043 seconds.
  path: Assets/Scenes/Game/DiceDelete.cs
  artifactKey: Guid(1802d2509f3c2174c841973af6ebba4d) Importer(815301076,1909f56bfc062723c751e8b465ee728b)
Start importing Assets/Scenes/Game/DiceDelete.cs using Guid(1802d2509f3c2174c841973af6ebba4d) Importer(815301076,1909f56bfc062723c751e8b465ee728b)  -> (artifact id: '72e8a195de6141b1708ad9aaa69ad39a') in 0.009331 seconds
  Import took 0.012197 seconds .

========================================================================
Received Prepare
Registering precompiled user dll's ...
Registered in 0.001011 seconds.
Begin MonoManager ReloadAssembly
Native extension for WindowsStandalone target not found
Refreshing native plugins compatible for Editor in 0.28 ms, found 0 plugins.
Preloading 0 native plugins for Editor in 0.00 ms.
Mono: successfully reloaded assembly
- Completed reload, in  0.935 seconds
Platform modules already initialized, skipping
Refreshing native plugins compatible for Editor in 0.22 ms, found 0 plugins.
Preloading 0 native plugins for Editor in 0.00 ms.
Unloading 1136 Unused Serialized files (Serialized files now loaded: 0)
System memory in use before: 61.3 MB.
System memory in use after: 61.4 MB.

Unloading 5 unused Assets to reduce memory usage. Loaded Objects now: 1713.
Total: 1.777500 ms (FindLiveObjects: 0.222500 ms CreateObjectMapping: 0.052600 ms MarkObjects: 1.431000 ms  DeleteObjects: 0.069900 ms)

========================================================================
Received Prepare
Registering precompiled user dll's ...
Registered in 0.002224 seconds.
Begin MonoManager ReloadAssembly
Native extension for WindowsStandalone target not found
Refreshing native plugins compatible for Editor in 0.28 ms, found 0 plugins.
Preloading 0 native plugins for Editor in 0.00 ms.
Mono: successfully reloaded assembly
- Completed reload, in  1.684 seconds
Platform modules already initialized, skipping
Refreshing native plugins compatible for Editor in 0.58 ms, found 0 plugins.
Preloading 0 native plugins for Editor in 0.00 ms.
Unloading 1136 Unused Serialized files (Serialized files now loaded: 0)
System memory in use before: 61.3 MB.
System memory in use after: 61.4 MB.

Unloading 5 unused Assets to reduce memory usage. Loaded Objects now: 1716.
Total: 4.368000 ms (FindLiveObjects: 0.353200 ms CreateObjectMapping: 0.106800 ms MarkObjects: 3.734700 ms  DeleteObjects: 0.171300 ms)

========================================================================
Received Import Request.
  Time since last request: 96.542715 seconds.
  path: Assets/Scenes/Game/saikoro.prefab
  artifactKey: Guid(52de150870e278146ab7430bded065c9) Importer(815301076,1909f56bfc062723c751e8b465ee728b)
Start importing Assets/Scenes/Game/saikoro.prefab using Guid(52de150870e278146ab7430bded065c9) Importer(815301076,1909f56bfc062723c751e8b465ee728b)  -> (artifact id: 'aa80defcdd1a0eec022a41e7586c0614') in 0.165742 seconds
  Import took 0.169910 seconds .

========================================================================
Received Import Request.
  Time since last request: 12.122856 seconds.
  path: Assets/Scenes/Game/saikoro.prefab
  artifactKey: Guid(52de150870e278146ab7430bded065c9) Importer(815301076,1909f56bfc062723c751e8b465ee728b)
Start importing Assets/Scenes/Game/saikoro.prefab using Guid(52de150870e278146ab7430bded065c9) Importer(815301076,1909f56bfc062723c751e8b465ee728b)  -> (artifact id: 'a59339ffd076753b880e99738e6a01e4') in 0.023702 seconds
  Import took 0.026829 seconds .

========================================================================
Received Import Request.
  Time since last request: 0.017972 seconds.
  path: Assets/Scenes/Game/saikoro.prefab
  artifactKey: Guid(52de150870e278146ab7430bded065c9) Importer(815301076,1909f56bfc062723c751e8b465ee728b)
Start importing Assets/Scenes/Game/saikoro.prefab using Guid(52de150870e278146ab7430bded065c9) Importer(815301076,1909f56bfc062723c751e8b465ee728b)  -> (artifact id: 'a59339ffd076753b880e99738e6a01e4') in 0.056265 seconds
  Import took 0.065011 seconds .

========================================================================
Received Prepare
Registering precompiled user dll's ...
Registered in 0.001481 seconds.
Begin MonoManager ReloadAssembly
Native extension for WindowsStandalone target not found
Refreshing native plugins compatible for Editor in 0.20 ms, found 0 plugins.
Preloading 0 native plugins for Editor in 0.00 ms.
Mono: successfully reloaded assembly
- Completed reload, in  1.414 seconds
Platform modules already initialized, skipping
Refreshing native plugins compatible for Editor in 0.44 ms, found 0 plugins.
Preloading 0 native plugins for Editor in 0.00 ms.
Unloading 1136 Unused Serialized files (Serialized files now loaded: 0)
System memory in use before: 61.3 MB.
System memory in use after: 61.4 MB.

Unloading 5 unused Assets to reduce memory usage. Loaded Objects now: 1720.
Total: 2.859300 ms (FindLiveObjects: 0.352800 ms CreateObjectMapping: 0.067500 ms MarkObjects: 2.352100 ms  DeleteObjects: 0.084600 ms)

========================================================================
Received Prepare
Registering precompiled user dll's ...
Registered in 0.001044 seconds.
Begin MonoManager ReloadAssembly
Native extension for WindowsStandalone target not found
Refreshing native plugins compatible for Editor in 0.45 ms, found 0 plugins.
Preloading 0 native plugins for Editor in 0.00 ms.
Mono: successfully reloaded assembly
- Completed reload, in  1.380 seconds
Platform modules already initialized, skipping
Refreshing native plugins compatible for Editor in 0.40 ms, found 0 plugins.
Preloading 0 native plugins for Editor in 0.00 ms.
Unloading 1136 Unused Serialized files (Serialized files now loaded: 0)
System memory in use before: 61.3 MB.
System memory in use after: 61.4 MB.

Unloading 5 unused Assets to reduce memory usage. Loaded Objects now: 1723.
Total: 2.095000 ms (FindLiveObjects: 0.441900 ms CreateObjectMapping: 0.068200 ms MarkObjects: 1.527200 ms  DeleteObjects: 0.055900 ms)

========================================================================
Received Import Request.
  Time since last request: 233.633949 seconds.
  path: Assets/Scenes/Game/DiceNumber.cs
  artifactKey: Guid(17f966802d1bad44cbcfd6fc57f7a41e) Importer(815301076,1909f56bfc062723c751e8b465ee728b)
Start importing Assets/Scenes/Game/DiceNumber.cs using Guid(17f966802d1bad44cbcfd6fc57f7a41e) Importer(815301076,1909f56bfc062723c751e8b465ee728b)  -> (artifact id: '4a87075da7a0dc9cfe34635e4922c057') in 0.010173 seconds
  Import took 0.013088 seconds .

========================================================================
Received Import Request.
  Time since last request: 0.002492 seconds.
  path: Assets/Scenes/Game/DiceNumber.cs
  artifactKey: Guid(17f966802d1bad44cbcfd6fc57f7a41e) Importer(815301076,1909f56bfc062723c751e8b465ee728b)
Start importing Assets/Scenes/Game/DiceNumber.cs using Guid(17f966802d1bad44cbcfd6fc57f7a41e) Importer(815301076,1909f56bfc062723c751e8b465ee728b)  -> (artifact id: '4a87075da7a0dc9cfe34635e4922c057') in 0.003940 seconds
  Import took 0.007129 seconds .

========================================================================
Received Prepare
Registering precompiled user dll's ...
Registered in 0.000720 seconds.
Begin MonoManager ReloadAssembly
Native extension for WindowsStandalone target not found
Refreshing native plugins compatible for Editor in 0.28 ms, found 0 plugins.
Preloading 0 native plugins for Editor in 0.00 ms.
Mono: successfully reloaded assembly
- Completed reload, in  1.565 seconds
Platform modules already initialized, skipping
Refreshing native plugins compatible for Editor in 0.52 ms, found 0 plugins.
Preloading 0 native plugins for Editor in 0.00 ms.
Unloading 1136 Unused Serialized files (Serialized files now loaded: 0)
System memory in use before: 61.3 MB.
System memory in use after: 61.4 MB.

Unloading 5 unused Assets to reduce memory usage. Loaded Objects now: 1726.
Total: 2.175100 ms (FindLiveObjects: 0.260200 ms CreateObjectMapping: 0.065100 ms MarkObjects: 1.786800 ms  DeleteObjects: 0.061100 ms)

========================================================================
Received Import Request.
  Time since last request: 73.056396 seconds.
  path: Assets/Scenes/Game/DiceNumber.cs
  artifactKey: Guid(17f966802d1bad44cbcfd6fc57f7a41e) Importer(815301076,1909f56bfc062723c751e8b465ee728b)
Start importing Assets/Scenes/Game/DiceNumber.cs using Guid(17f966802d1bad44cbcfd6fc57f7a41e) Importer(815301076,1909f56bfc062723c751e8b465ee728b)  -> (artifact id: '72b16d0aeeb2fdcc9a96b7b3343d33be') in 0.011678 seconds
  Import took 0.016332 seconds .

========================================================================
Received Import Request.
  Time since last request: 1.499350 seconds.
  path: Assets/Scenes/Game/DiceNumber.cs
  artifactKey: Guid(17f966802d1bad44cbcfd6fc57f7a41e) Importer(815301076,1909f56bfc062723c751e8b465ee728b)
Start importing Assets/Scenes/Game/DiceNumber.cs using Guid(17f966802d1bad44cbcfd6fc57f7a41e) Importer(815301076,1909f56bfc062723c751e8b465ee728b)  -> (artifact id: '72b16d0aeeb2fdcc9a96b7b3343d33be') in 0.002894 seconds
  Import took 0.005361 seconds .

========================================================================
Received Prepare
Registering precompiled user dll's ...
Registered in 0.001205 seconds.
Begin MonoManager ReloadAssembly
Native extension for WindowsStandalone target not found
Refreshing native plugins compatible for Editor in 0.30 ms, found 0 plugins.
Preloading 0 native plugins for Editor in 0.00 ms.
Mono: successfully reloaded assembly
- Completed reload, in  1.485 seconds
Platform modules already initialized, skipping
Refreshing native plugins compatible for Editor in 0.27 ms, found 0 plugins.
Preloading 0 native plugins for Editor in 0.00 ms.
Unloading 1136 Unused Serialized files (Serialized files now loaded: 0)
System memory in use before: 61.3 MB.
System memory in use after: 61.4 MB.

Unloading 5 unused Assets to reduce memory usage. Loaded Objects now: 1729.
Total: 3.053000 ms (FindLiveObjects: 0.473000 ms CreateObjectMapping: 0.131400 ms MarkObjects: 2.369400 ms  DeleteObjects: 0.076900 ms)

========================================================================
Received Prepare
Registering precompiled user dll's ...
Registered in 0.000821 seconds.
Begin MonoManager ReloadAssembly
Native extension for WindowsStandalone target not found
Refreshing native plugins compatible for Editor in 0.28 ms, found 0 plugins.
Preloading 0 native plugins for Editor in 0.00 ms.
Mono: successfully reloaded assembly
- Completed reload, in  1.501 seconds
Platform modules already initialized, skipping
Refreshing native plugins compatible for Editor in 0.19 ms, found 0 plugins.
Preloading 0 native plugins for Editor in 0.00 ms.
Unloading 1136 Unused Serialized files (Serialized files now loaded: 0)
System memory in use before: 61.3 MB.
System memory in use after: 61.4 MB.

Unloading 5 unused Assets to reduce memory usage. Loaded Objects now: 1732.
Total: 2.389200 ms (FindLiveObjects: 0.477600 ms CreateObjectMapping: 0.072200 ms MarkObjects: 1.736400 ms  DeleteObjects: 0.094600 ms)

